This is pdfTeX, Version 3.14159265-2.6-1.40.20 (MiKTeX 2.9.7250 64-bit) (preloaded format=pdflatex 2019.11.22)  24 FEB 2020 19:25
entering extended mode
**./MemoriaTécnicaEconómica-1.tex
(MemoriaTécnicaEconómica-1.tex
LaTeX2e <2019-10-01> patch level 3
("C:\Users\alvar\AppData\Local\Programs\MiKTeX 2.9\tex/latex/base\article.cls"
Document Class: article 2019/10/25 v1.4k Standard LaTeX document class
("C:\Users\alvar\AppData\Local\Programs\MiKTeX 2.9\tex/latex/base\size10.clo"
File: size10.clo 2019/10/25 v1.4k Standard LaTeX file (size option)
)
\c@part=\count80
\c@section=\count81
\c@subsection=\count82
\c@subsubsection=\count83
\c@paragraph=\count84
\c@subparagraph=\count85
\c@figure=\count86
\c@table=\count87
\abovecaptionskip=\skip41
\belowcaptionskip=\skip42
\bibindent=\dimen102
) ("C:\Users\alvar\AppData\Local\Programs\MiKTeX 2.9\tex/latex/url\url.sty"
\Urlmuskip=\muskip10
Package: url 2013/09/16  ver 3.4  Verb mode for urls, etc.
)
("C:\Users\alvar\AppData\Local\Programs\MiKTeX 2.9\tex/latex/base\inputenc.sty"
Package: inputenc 2018/08/11 v1.3c Input encoding file
\inpenc@prehook=\toks14
\inpenc@posthook=\toks15
) ("C:\Users\alvar\AppData\Local\Programs\MiKTeX 2.9\tex/generic/babel\babel.st
y"
Package: babel 2019/10/15 3.35 The Babel package

("C:\Users\alvar\AppData\Local\Programs\MiKTeX 2.9\tex/generic/babel\switch.def
"
File: switch.def 2019/10/15 3.35 Babel switching mechanism
)
*************************************
* Local config file bblopts.cfg used
*
("C:\Users\alvar\AppData\Local\Programs\MiKTeX 2.9\tex/latex/arabi\bblopts.cfg"
File: bblopts.cfg 2005/09/08 v0.1 add Arabic and Farsi to "declared" options of
 babel
)
("C:\Users\alvar\AppData\Local\Programs\MiKTeX 2.9\tex/latex/babel-spanish\span
ish.ldf"
Language: spanish.ldf 2016/03/03 v5.0p Spanish support from the babel system

("C:\Users\alvar\AppData\Local\Programs\MiKTeX 2.9\tex/generic/babel\babel.def"
File: babel.def 2019/10/15 3.35 Babel common definitions
\babel@savecnt=\count88
\U@D=\dimen103

("C:\Users\alvar\AppData\Local\Programs\MiKTeX 2.9\tex/generic/babel\txtbabel.d
ef")
\bbl@dirlevel=\count89
)
\es@quottoks=\toks16
\es@quotdepth=\count90
Package babel Info: Making " an active character on input line 561.
Package babel Info: Making . an active character on input line 662.
Package babel Info: Making < an active character on input line 707.
Package babel Info: Making > an active character on input line 707.
))
("C:\Users\alvar\AppData\Local\Programs\MiKTeX 2.9\tex/latex/amsfonts\amssymb.s
ty"
Package: amssymb 2013/01/14 v3.01 AMS font symbols

("C:\Users\alvar\AppData\Local\Programs\MiKTeX 2.9\tex/latex/amsfonts\amsfonts.
sty"
Package: amsfonts 2013/01/14 v3.01 Basic AMSFonts support
\@emptytoks=\toks17
\symAMSa=\mathgroup4
\symAMSb=\mathgroup5
LaTeX Font Info:    Redeclaring math symbol \hbar on input line 98.
LaTeX Font Info:    Overwriting math alphabet `\mathfrak' in version `bold'
(Font)                  U/euf/m/n --> U/euf/b/n on input line 106.
))
("C:\Users\alvar\AppData\Local\Programs\MiKTeX 2.9\tex/latex/booktabs\booktabs.
sty"
Package: booktabs 2019/10/08 v1.6180339 publication quality tables
\heavyrulewidth=\dimen104
\lightrulewidth=\dimen105
\cmidrulewidth=\dimen106
\belowrulesep=\dimen107
\belowbottomsep=\dimen108
\aboverulesep=\dimen109
\abovetopsep=\dimen110
\cmidrulesep=\dimen111
\cmidrulekern=\dimen112
\defaultaddspace=\dimen113
\@cmidla=\count91
\@cmidlb=\count92
\@aboverulesep=\dimen114
\@belowrulesep=\dimen115
\@thisruleclass=\count93
\@lastruleclass=\count94
\@thisrulewidth=\dimen116
)
("C:\Users\alvar\AppData\Local\Programs\MiKTeX 2.9\tex/latex/float\float.sty"
Package: float 2001/11/08 v1.3d Float enhancements (AL)
\c@float@type=\count95
\float@exts=\toks18
\float@box=\box27
\@float@everytoks=\toks19
\@floatcapt=\box28
)
("C:\Users\alvar\AppData\Local\Programs\MiKTeX 2.9\tex/latex/graphics\graphicx.
sty"
Package: graphicx 2017/06/01 v1.1a Enhanced LaTeX Graphics (DPC,SPQR)

("C:\Users\alvar\AppData\Local\Programs\MiKTeX 2.9\tex/latex/graphics\keyval.st
y"
Package: keyval 2014/10/28 v1.15 key=value parser (DPC)
\KV@toks@=\toks20
)
("C:\Users\alvar\AppData\Local\Programs\MiKTeX 2.9\tex/latex/graphics\graphics.
sty"
Package: graphics 2019/11/01 v1.3d Standard LaTeX Graphics (DPC,SPQR)

("C:\Users\alvar\AppData\Local\Programs\MiKTeX 2.9\tex/latex/graphics\trig.sty"
Package: trig 2016/01/03 v1.10 sin cos tan (DPC)
)
("C:\Users\alvar\AppData\Local\Programs\MiKTeX 2.9\tex/latex/graphics-cfg\graph
ics.cfg"
File: graphics.cfg 2016/06/04 v1.11 sample graphics configuration
)
Package graphics Info: Driver file: pdftex.def on input line 105.

("C:\Users\alvar\AppData\Local\Programs\MiKTeX 2.9\tex/latex/graphics-def\pdfte
x.def"
File: pdftex.def 2018/01/08 v1.0l Graphics/color driver for pdftex
))
\Gin@req@height=\dimen117
\Gin@req@width=\dimen118
)
("C:\Users\alvar\AppData\Local\Programs\MiKTeX 2.9\tex/latex/fancyhdr\fancyhdr.
sty"
Package: fancyhdr 2019/01/31 v3.10 Extensive control of page headers and footer
s
\f@nch@headwidth=\skip43
\f@nch@O@elh=\skip44
\f@nch@O@erh=\skip45
\f@nch@O@olh=\skip46
\f@nch@O@orh=\skip47
\f@nch@O@elf=\skip48
\f@nch@O@erf=\skip49
\f@nch@O@olf=\skip50
\f@nch@O@orf=\skip51
)
("C:\Users\alvar\AppData\Local\Programs\MiKTeX 2.9\tex/latex/eurosym\eurosym.st
y"
Package: eurosym 1998/08/06 v1.1 European currency symbol ``Euro''
\@eurobox=\box29
) (MemoriaTécnicaEconómica-1.aux
LaTeX Info: Redefining \. on input line 7.
LaTeX Info: Redefining \% on input line 7.
)
\openout1 = `MemoriaTécnicaEconómica-1.aux'.

LaTeX Font Info:    Checking defaults for OML/cmm/m/it on input line 27.
LaTeX Font Info:    ... okay on input line 27.
LaTeX Font Info:    Checking defaults for T1/cmr/m/n on input line 27.
LaTeX Font Info:    ... okay on input line 27.
LaTeX Font Info:    Checking defaults for OT1/cmr/m/n on input line 27.
LaTeX Font Info:    ... okay on input line 27.
LaTeX Font Info:    Checking defaults for OMS/cmsy/m/n on input line 27.
LaTeX Font Info:    ... okay on input line 27.
LaTeX Font Info:    Checking defaults for OMX/cmex/m/n on input line 27.
LaTeX Font Info:    ... okay on input line 27.
LaTeX Font Info:    Checking defaults for U/cmr/m/n on input line 27.
LaTeX Font Info:    ... okay on input line 27.
LaTeX Info: Redefining \. on input line 27.
LaTeX Info: Redefining \% on input line 27.

("C:\Users\alvar\AppData\Local\Programs\MiKTeX 2.9\tex/context/base/mkii\supp-p
df.mkii"
[Loading MPS to PDF converter (version 2006.09.02).]
\scratchcounter=\count96
\scratchdimen=\dimen119
\scratchbox=\box30
\nofMPsegments=\count97
\nofMParguments=\count98
\everyMPshowfont=\toks21
\MPscratchCnt=\count99
\MPscratchDim=\dimen120
\MPnumerator=\count100
\makeMPintoPDFobject=\count101
\everyMPtoPDFconversion=\toks22
)
("C:\Users\alvar\AppData\Local\Programs\MiKTeX 2.9\tex/latex/oberdiek\epstopdf-
base.sty"
Package: epstopdf-base 2016/05/15 v2.6 Base part for package epstopdf

("C:\Users\alvar\AppData\Local\Programs\MiKTeX 2.9\tex/generic/oberdiek\infware
rr.sty"
Package: infwarerr 2016/05/16 v1.4 Providing info/warning/error messages (HO)
)
("C:\Users\alvar\AppData\Local\Programs\MiKTeX 2.9\tex/latex/oberdiek\grfext.st
y"
Package: grfext 2016/05/16 v1.2 Manage graphics extensions (HO)

("C:\Users\alvar\AppData\Local\Programs\MiKTeX 2.9\tex/generic/oberdiek\kvdefin
ekeys.sty"
Package: kvdefinekeys 2016/05/16 v1.4 Define keys (HO)

("C:\Users\alvar\AppData\Local\Programs\MiKTeX 2.9\tex/generic/oberdiek\ltxcmds
.sty"
Package: ltxcmds 2016/05/16 v1.23 LaTeX kernel commands for general use (HO)
)))
("C:\Users\alvar\AppData\Local\Programs\MiKTeX 2.9\tex/latex/oberdiek\kvoptions
.sty"
Package: kvoptions 2016/05/16 v3.12 Key value format for package options (HO)

("C:\Users\alvar\AppData\Local\Programs\MiKTeX 2.9\tex/generic/oberdiek\kvsetke
ys.sty"
Package: kvsetkeys 2016/05/16 v1.17 Key value parser (HO)

("C:\Users\alvar\AppData\Local\Programs\MiKTeX 2.9\tex/generic/oberdiek\etexcmd
s.sty"
Package: etexcmds 2016/05/16 v1.6 Avoid name clashes with e-TeX commands (HO)

("C:\Users\alvar\AppData\Local\Programs\MiKTeX 2.9\tex/generic/iftex\ifluatex.s
ty"
Package: ifluatex 2019/10/25 v1.5 ifluatex legacy package. Use iftex instead.

("C:\Users\alvar\AppData\Local\Programs\MiKTeX 2.9\tex/generic/iftex\iftex.sty"
Package: iftex 2019/11/07 v1.0c TeX engine tests
)))))
("C:\Users\alvar\AppData\Local\Programs\MiKTeX 2.9\tex/generic/oberdiek\pdftexc
mds.sty"
Package: pdftexcmds 2019/07/25 v0.30 Utility functions of pdfTeX for LuaTeX (HO
)

("C:\Users\alvar\AppData\Local\Programs\MiKTeX 2.9\tex/generic/iftex\ifpdf.sty"
Package: ifpdf 2019/10/25 v3.4 ifpdf legacy package. Use iftex instead.
)
Package pdftexcmds Info: LuaTeX not detected.
Package pdftexcmds Info: \pdf@primitive is available.
Package pdftexcmds Info: \pdf@ifprimitive is available.
Package pdftexcmds Info: \pdfdraftmode found.
)
Package epstopdf-base Info: Redefining graphics rule for `.eps' on input line 4
38.
Package grfext Info: Graphics extension search list:
(grfext)             [.pdf,.png,.jpg,.mps,.jpeg,.jbig2,.jb2,.PDF,.PNG,.JPG,.JPE
G,.JBIG2,.JB2,.eps]
(grfext)             \AppendGraphicsExtensions on input line 456.
)
<logoDefinitivo1.png, id=1, 396.2805pt x 341.47575pt>
File: logoDefinitivo1.png Graphic file (type png)
<use logoDefinitivo1.png>
Package pdftex.def Info: logoDefinitivo1.png  used on input line 48.
(pdftex.def)             Requested size: 257.57927pt x 221.9566pt.
LaTeX Font Info:    Trying to load font information for U+msa on input line 48.


("C:\Users\alvar\AppData\Local\Programs\MiKTeX 2.9\tex/latex/amsfonts\umsa.fd"
File: umsa.fd 2013/01/14 v3.01 AMS symbols A
)
LaTeX Font Info:    Trying to load font information for U+msb on input line 48.

("C:\Users\alvar\AppData\Local\Programs\MiKTeX 2.9\tex/latex/amsfonts\umsb.fd"
File: umsb.fd 2013/01/14 v3.01 AMS symbols B
)
<logoUZ.png, id=3, 345.9324pt x 127.1952pt>
File: logoUZ.png Graphic file (type png)
<use logoUZ.png>
Package pdftex.def Info: logoUZ.png  used on input line 48.
(pdftex.def)             Requested size: 172.96577pt x 63.59744pt.
[1

{C:/Users/alvar/AppData/Local/MiKTeX/2.9/pdftex/config/pdftex.map} <./logoDefin
itivo1.png> <./logoUZ.png>]
Underfull \hbox (badness 10000) in paragraph at lines 51--54

 []


Underfull \hbox (badness 10000) in paragraph at lines 51--54

 []


Underfull \hbox (badness 10000) in paragraph at lines 55--56

 []


Underfull \hbox (badness 10000) in paragraph at lines 57--59

 []


Underfull \hbox (badness 10000) in paragraph at lines 60--62

 []

[2] (MemoriaTécnicaEconómica-1.toc
LaTeX Info: Redefining \. on input line 1.
LaTeX Info: Redefining \% on input line 1.
)
\tf@toc=\write3
\openout3 = `MemoriaTécnicaEconómica-1.toc'.

 [3]
Overfull \hbox (77.33858pt too wide) in paragraph at lines 79--141
[][] 
 []

<logoEina.png, id=21, 1204.5pt x 343.2825pt>
File: logoEina.png Graphic file (type png)
<use logoEina.png>
Package pdftex.def Info: logoEina.png  used on input line 142.
(pdftex.def)             Requested size: 113.81102pt x 32.43407pt.
<logoDefinitivo3.png, id=22, 422.7795pt x 136.71075pt>
File: logoDefinitivo3.png Graphic file (type png)
<use logoDefinitivo3.png>
Package pdftex.def Info: logoDefinitivo3.png  used on input line 142.
(pdftex.def)             Requested size: 99.58464pt x 32.20212pt.
[4 <./logoEina.png> <./logoDefinitivo3.png>]
Overfull \hbox (77.33858pt too wide) in paragraph at lines 146--162
[][] 
 []

File: logoEina.png Graphic file (type png)
<use logoEina.png>
Package pdftex.def Info: logoEina.png  used on input line 163.
(pdftex.def)             Requested size: 113.81102pt x 32.43407pt.
File: logoDefinitivo3.png Graphic file (type png)
<use logoDefinitivo3.png>
Package pdftex.def Info: logoDefinitivo3.png  used on input line 163.
(pdftex.def)             Requested size: 99.58464pt x 32.20212pt.
[5]
<navegadorWeb.png, id=32, 657.45625pt x 203.76125pt>
File: navegadorWeb.png Graphic file (type png)
<use navegadorWeb.png>
Package pdftex.def Info: navegadorWeb.png  used on input line 173.
(pdftex.def)             Requested size: 249.83597pt x 77.43007pt.

Underfull \hbox (badness 10000) in paragraph at lines 168--174

 []

<android-apple.png, id=33, 903.375pt x 501.875pt>
File: android-apple.png Graphic file (type png)
<use android-apple.png>
Package pdftex.def Info: android-apple.png  used on input line 182.
(pdftex.def)             Requested size: 316.18599pt x 175.65887pt.
File: logoEina.png Graphic file (type png)
<use logoEina.png>
Package pdftex.def Info: logoEina.png  used on input line 185.
(pdftex.def)             Requested size: 113.81102pt x 32.43407pt.
File: logoDefinitivo3.png Graphic file (type png)
<use logoDefinitivo3.png>
Package pdftex.def Info: logoDefinitivo3.png  used on input line 185.
(pdftex.def)             Requested size: 99.58464pt x 32.20212pt.
[6 <./navegadorWeb.png> <./android-apple.png>]
<EstructuraProyecto.png, id=39, 1016.29688pt x 473.51906pt>
File: EstructuraProyecto.png Graphic file (type png)
<use EstructuraProyecto.png>
Package pdftex.def Info: EstructuraProyecto.png  used on input line 191.
(pdftex.def)             Requested size: 355.70924pt x 165.73415pt.

Overfull \hbox (10.70924pt too wide) in paragraph at lines 191--192
 [][] 
 []

<flutter.png, id=40, 319.1925pt x 159.59625pt>
File: flutter.png Graphic file (type png)
<use flutter.png>
Package pdftex.def Info: flutter.png  used on input line 199.
(pdftex.def)             Requested size: 175.55641pt x 87.7782pt.
File: logoEina.png Graphic file (type png)
<use logoEina.png>
Package pdftex.def Info: logoEina.png  used on input line 201.
(pdftex.def)             Requested size: 113.81102pt x 32.43407pt.
File: logoDefinitivo3.png Graphic file (type png)
<use logoDefinitivo3.png>
Package pdftex.def Info: logoDefinitivo3.png  used on input line 201.
(pdftex.def)             Requested size: 99.58464pt x 32.20212pt.
[7 <./EstructuraProyecto.png> <./flutter.png>]
LaTeX Font Info:    Trying to load font information for OMS+cmr on input line 2
07.

("C:\Users\alvar\AppData\Local\Programs\MiKTeX 2.9\tex/latex/base\omscmr.fd"
File: omscmr.fd 2014/09/29 v2.5h Standard LaTeX font definitions
)
LaTeX Font Info:    Font shape `OMS/cmr/m/n' in size <10> not available
(Font)              Font shape `OMS/cmsy/m/n' tried instead on input line 207.
File: logoEina.png Graphic file (type png)
<use logoEina.png>
Package pdftex.def Info: logoEina.png  used on input line 248.
(pdftex.def)             Requested size: 113.81102pt x 32.43407pt.
File: logoDefinitivo3.png Graphic file (type png)
<use logoDefinitivo3.png>
Package pdftex.def Info: logoDefinitivo3.png  used on input line 248.
(pdftex.def)             Requested size: 99.58464pt x 32.20212pt.

[8]
Underfull \hbox (badness 10000) in paragraph at lines 251--260

 []


Underfull \hbox (badness 10000) in paragraph at lines 251--260

 []


Underfull \hbox (badness 10000) in paragraph at lines 251--260

 []


Underfull \hbox (badness 10000) in paragraph at lines 261--262

 []


Underfull \hbox (badness 10000) in paragraph at lines 263--264

 []

File: logoEina.png Graphic file (type png)
<use logoEina.png>
Package pdftex.def Info: logoEina.png  used on input line 266.
(pdftex.def)             Requested size: 113.81102pt x 32.43407pt.
File: logoDefinitivo3.png Graphic file (type png)
<use logoDefinitivo3.png>
Package pdftex.def Info: logoDefinitivo3.png  used on input line 266.
(pdftex.def)             Requested size: 99.58464pt x 32.20212pt.
[9]
<PropuestaTabla.png, id=53, 670.75594pt x 264.99pt>
File: PropuestaTabla.png Graphic file (type png)
<use PropuestaTabla.png>
Package pdftex.def Info: PropuestaTabla.png  used on input line 272.
(pdftex.def)             Requested size: 368.9169pt x 145.74495pt.

Overfull \hbox (23.9169pt too wide) in paragraph at lines 272--273
 [][] 
 []

File: logoEina.png Graphic file (type png)
<use logoEina.png>
Package pdftex.def Info: logoEina.png  used on input line 276.
(pdftex.def)             Requested size: 113.81102pt x 32.43407pt.
File: logoDefinitivo3.png Graphic file (type png)
<use logoDefinitivo3.png>
Package pdftex.def Info: logoDefinitivo3.png  used on input line 276.
(pdftex.def)             Requested size: 99.58464pt x 32.20212pt.
[10 <./PropuestaTabla.png>]
<EstimacionCoste.png, id=58, 1017.20026pt x 797.98125pt>
File: EstimacionCoste.png Graphic file (type png)
<use EstimacionCoste.png>
Package pdftex.def Info: EstimacionCoste.png  used on input line 280.
(pdftex.def)             Requested size: 559.46187pt x 438.89104pt.

Overfull \hbox (117.09944pt too wide) in paragraph at lines 279--281
 []|  [] 
 []

File: logoEina.png Graphic file (type png)
<use logoEina.png>
Package pdftex.def Info: logoEina.png  used on input line 285.
(pdftex.def)             Requested size: 113.81102pt x 32.43407pt.
File: logoDefinitivo3.png Graphic file (type png)
<use logoDefinitivo3.png>
Package pdftex.def Info: logoDefinitivo3.png  used on input line 285.
(pdftex.def)             Requested size: 99.58464pt x 32.20212pt.
[11 <./EstimacionCoste.png>] (MemoriaTécnicaEconómica-1.aux
LaTeX Info: Redefining \. on input line 7.
LaTeX Info: Redefining \% on input line 7.
) ) 
Here is how much of TeX's memory you used:
 3506 strings out of 492450
 48918 string characters out of 3120004
 123151 words of memory out of 3000000
 7790 multiletter control sequences out of 15000+200000
 12622 words of font info for 49 fonts, out of 3000000 for 9000
 1144 hyphenation exceptions out of 8191
 55i,16n,45p,988b,361s stack positions out of 5000i,500n,10000p,200000b,50000s
<C:/Users/alvar/AppData/Local/Programs/MiKTeX 2.9/fonts/type1/public/amsfont
s/cm/cmbx10.pfb><C:/Users/alvar/AppData/Local/Programs/MiKTeX 2.9/fonts/type1/p
ublic/amsfonts/cm/cmbx12.pfb><C:/Users/alvar/AppData/Local/Programs/MiKTeX 2.9/
fonts/type1/public/amsfonts/cm/cmr10.pfb><C:/Users/alvar/AppData/Local/Programs
/MiKTeX 2.9/fonts/type1/public/amsfonts/cm/cmr12.pfb><C:/Users/alvar/AppData/Lo
cal/Programs/MiKTeX 2.9/fonts/type1/public/amsfonts/cm/cmr17.pfb><C:/Users/alva
r/AppData/Local/Programs/MiKTeX 2.9/fonts/type1/public/amsfonts/cm/cmsy10.pfb><
C:/Users/alvar/AppData/Local/Programs/MiKTeX 2.9/fonts/type1/public/amsfonts/cm
/cmti10.pfb><C:/Users/alvar/AppData/Local/Programs/MiKTeX 2.9/fonts/type1/publi
c/amsfonts/cm/cmti7.pfb><C:/Users/alvar/AppData/Local/Programs/MiKTeX 2.9/fonts
/type1/public/eurosym/feybr10.pfb>
Output written on MemoriaTécnicaEconómica-1.pdf (11 pages, 555079 bytes).
PDF statistics:
 92 PDF objects out of 1000 (max. 8388607)
 0 named destinations out of 1000 (max. 500000)
 51 words of extra memory for PDF output out of 10000 (max. 10000000)

