This is pdfTeX, Version 3.14159265-2.6-1.40.20 (MiKTeX 2.9.7250 64-bit) (preloaded format=pdflatex 2020.4.17)  8 JUN 2020 19:51
entering extended mode
**./MemoriaPlantillaGestionFinal.tex
(MemoriaPlantillaGestionFinal.tex
LaTeX2e <2019-10-01> patch level 3
("D:\Program Files\MiKTeX 2.9\tex/latex/base\article.cls"
Document Class: article 2019/10/25 v1.4k Standard LaTeX document class
("D:\Program Files\MiKTeX 2.9\tex/latex/base\size10.clo"
File: size10.clo 2019/10/25 v1.4k Standard LaTeX file (size option)
)
\c@part=\count80
\c@section=\count81
\c@subsection=\count82
\c@subsubsection=\count83
\c@paragraph=\count84
\c@subparagraph=\count85
\c@figure=\count86
\c@table=\count87
\abovecaptionskip=\skip41
\belowcaptionskip=\skip42
\bibindent=\dimen102
)
("D:\Program Files\MiKTeX 2.9\tex/latex/url\url.sty"
\Urlmuskip=\muskip10
Package: url 2013/09/16  ver 3.4  Verb mode for urls, etc.
)
("D:\Program Files\MiKTeX 2.9\tex/latex/base\inputenc.sty"
Package: inputenc 2018/08/11 v1.3c Input encoding file
\inpenc@prehook=\toks14
\inpenc@posthook=\toks15
)
("D:\Program Files\MiKTeX 2.9\tex/generic/babel\babel.sty"
Package: babel 2019/10/15 3.35 The Babel package

("D:\Program Files\MiKTeX 2.9\tex/generic/babel\switch.def"
File: switch.def 2019/10/15 3.35 Babel switching mechanism
)
*************************************
* Local config file bblopts.cfg used
*
("D:\Program Files\MiKTeX 2.9\tex/latex/arabi\bblopts.cfg"
File: bblopts.cfg 2005/09/08 v0.1 add Arabic and Farsi to "declared" options of
 babel
)
("D:\Program Files\MiKTeX 2.9\tex/latex/babel-spanish\spanish.ldf"
Language: spanish.ldf 2016/03/03 v5.0p Spanish support from the babel system

("D:\Program Files\MiKTeX 2.9\tex/generic/babel\babel.def"
File: babel.def 2019/10/15 3.35 Babel common definitions
\babel@savecnt=\count88
\U@D=\dimen103

("D:\Program Files\MiKTeX 2.9\tex/generic/babel\txtbabel.def")
\bbl@dirlevel=\count89
)
\es@quottoks=\toks16
\es@quotdepth=\count90
Package babel Info: Making " an active character on input line 561.
Package babel Info: Making . an active character on input line 662.
Package babel Info: Making < an active character on input line 707.
Package babel Info: Making > an active character on input line 707.
))
("D:\Program Files\MiKTeX 2.9\tex/latex/amsfonts\amssymb.sty"
Package: amssymb 2013/01/14 v3.01 AMS font symbols

("D:\Program Files\MiKTeX 2.9\tex/latex/amsfonts\amsfonts.sty"
Package: amsfonts 2013/01/14 v3.01 Basic AMSFonts support
\@emptytoks=\toks17
\symAMSa=\mathgroup4
\symAMSb=\mathgroup5
LaTeX Font Info:    Redeclaring math symbol \hbar on input line 98.
LaTeX Font Info:    Overwriting math alphabet `\mathfrak' in version `bold'
(Font)                  U/euf/m/n --> U/euf/b/n on input line 106.
))
("D:\Program Files\MiKTeX 2.9\tex/latex/booktabs\booktabs.sty"
Package: booktabs 2019/10/08 v1.6180339 publication quality tables
\heavyrulewidth=\dimen104
\lightrulewidth=\dimen105
\cmidrulewidth=\dimen106
\belowrulesep=\dimen107
\belowbottomsep=\dimen108
\aboverulesep=\dimen109
\abovetopsep=\dimen110
\cmidrulesep=\dimen111
\cmidrulekern=\dimen112
\defaultaddspace=\dimen113
\@cmidla=\count91
\@cmidlb=\count92
\@aboverulesep=\dimen114
\@belowrulesep=\dimen115
\@thisruleclass=\count93
\@lastruleclass=\count94
\@thisrulewidth=\dimen116
)
("D:\Program Files\MiKTeX 2.9\tex/latex/float\float.sty"
Package: float 2001/11/08 v1.3d Float enhancements (AL)
\c@float@type=\count95
\float@exts=\toks18
\float@box=\box27
\@float@everytoks=\toks19
\@floatcapt=\box28
)
(C:\Users\Alex\AppData\Roaming\MiKTeX\2.9\tex/latex/pdfpages\pdfpages.sty
Package: pdfpages 2020/01/28 v0.5q Insert pages of external PDF documents (AM)

("D:\Program Files\MiKTeX 2.9\tex/latex/base\ifthen.sty"
Package: ifthen 2014/09/29 v1.1c Standard LaTeX ifthen package (DPC)
)
("D:\Program Files\MiKTeX 2.9\tex/latex/tools\calc.sty"
Package: calc 2017/05/25 v4.3 Infix arithmetic (KKT,FJ)
\calc@Acount=\count96
\calc@Bcount=\count97
\calc@Adimen=\dimen117
\calc@Bdimen=\dimen118
\calc@Askip=\skip43
\calc@Bskip=\skip44
LaTeX Info: Redefining \setlength on input line 80.
LaTeX Info: Redefining \addtolength on input line 81.
\calc@Ccount=\count98
\calc@Cskip=\skip45
)
("D:\Program Files\MiKTeX 2.9\tex/latex/eso-pic\eso-pic.sty"
Package: eso-pic 2018/04/12 v2.0h eso-pic (RN)

("D:\Program Files\MiKTeX 2.9\tex/generic/oberdiek\atbegshi.sty"
Package: atbegshi 2016/06/09 v1.18 At begin shipout hook (HO)

("D:\Program Files\MiKTeX 2.9\tex/generic/oberdiek\infwarerr.sty"
Package: infwarerr 2016/05/16 v1.4 Providing info/warning/error messages (HO)
)
("D:\Program Files\MiKTeX 2.9\tex/generic/oberdiek\ltxcmds.sty"
Package: ltxcmds 2016/05/16 v1.23 LaTeX kernel commands for general use (HO)
)
("D:\Program Files\MiKTeX 2.9\tex/generic/iftex\ifpdf.sty"
Package: ifpdf 2019/10/25 v3.4 ifpdf legacy package. Use iftex instead.

("D:\Program Files\MiKTeX 2.9\tex/generic/iftex\iftex.sty"
Package: iftex 2019/11/07 v1.0c TeX engine tests
)))
("D:\Program Files\MiKTeX 2.9\tex/latex/graphics\keyval.sty"
Package: keyval 2014/10/28 v1.15 key=value parser (DPC)
\KV@toks@=\toks20
)
(C:\Users\Alex\AppData\Roaming\MiKTeX\2.9\tex/latex/xcolor\xcolor.sty
Package: xcolor 2016/05/11 v2.12 LaTeX color extensions (UK)

("D:\Program Files\MiKTeX 2.9\tex/latex/graphics-cfg\color.cfg"
File: color.cfg 2016/01/02 v1.6 sample color configuration
)
Package xcolor Info: Driver file: pdftex.def on input line 225.

("D:\Program Files\MiKTeX 2.9\tex/latex/graphics-def\pdftex.def"
File: pdftex.def 2018/01/08 v1.0l Graphics/color driver for pdftex
)
Package xcolor Info: Model `cmy' substituted by `cmy0' on input line 1348.
Package xcolor Info: Model `hsb' substituted by `rgb' on input line 1352.
Package xcolor Info: Model `RGB' extended on input line 1364.
Package xcolor Info: Model `HTML' substituted by `rgb' on input line 1366.
Package xcolor Info: Model `Hsb' substituted by `hsb' on input line 1367.
Package xcolor Info: Model `tHsb' substituted by `hsb' on input line 1368.
Package xcolor Info: Model `HSB' substituted by `hsb' on input line 1369.
Package xcolor Info: Model `Gray' substituted by `gray' on input line 1370.
Package xcolor Info: Model `wave' substituted by `hsb' on input line 1371.
))
("D:\Program Files\MiKTeX 2.9\tex/latex/graphics\graphicx.sty"
Package: graphicx 2017/06/01 v1.1a Enhanced LaTeX Graphics (DPC,SPQR)

("D:\Program Files\MiKTeX 2.9\tex/latex/graphics\graphics.sty"
Package: graphics 2019/11/01 v1.3d Standard LaTeX Graphics (DPC,SPQR)

("D:\Program Files\MiKTeX 2.9\tex/latex/graphics\trig.sty"
Package: trig 2016/01/03 v1.10 sin cos tan (DPC)
)
("D:\Program Files\MiKTeX 2.9\tex/latex/graphics-cfg\graphics.cfg"
File: graphics.cfg 2016/06/04 v1.11 sample graphics configuration
)
Package graphics Info: Driver file: pdftex.def on input line 105.
)
\Gin@req@height=\dimen119
\Gin@req@width=\dimen120
)
\AM@pagewidth=\dimen121
\AM@pageheight=\dimen122

(C:\Users\Alex\AppData\Roaming\MiKTeX\2.9\tex/latex/pdfpages\pppdftex.def
File: pppdftex.def 2020/01/28 v0.5q Pdfpages driver for pdfTeX (AM)
)
\AM@pagebox=\box29
\AM@global@opts=\toks21
\AM@pagecnt=\count99
\AM@toc@title=\toks22
\c@AM@survey=\count100
\AM@templatesizebox=\box30
)
("D:\Program Files\MiKTeX 2.9\tex/latex/fancyhdr\fancyhdr.sty"
Package: fancyhdr 2019/01/31 v3.10 Extensive control of page headers and footer
s
\f@nch@headwidth=\skip46
\f@nch@O@elh=\skip47
\f@nch@O@erh=\skip48
\f@nch@O@olh=\skip49
\f@nch@O@orh=\skip50
\f@nch@O@elf=\skip51
\f@nch@O@erf=\skip52
\f@nch@O@olf=\skip53
\f@nch@O@orf=\skip54
)
("D:\Program Files\MiKTeX 2.9\tex/latex/eurosym\eurosym.sty"
Package: eurosym 1998/08/06 v1.1 European currency symbol ``Euro''
\@eurobox=\box31
) (calendar.sty
Package: calendar 2018/09/19LaTeX2e class file `calendar' v3.2

'calendar' style 3.22018/09/19.
Created by Evan Sultanik
****** Bugs/comments/suggestions/technicalities to Evan Sultanik -- evan@sultan
ik.com ******
("D:\Program Files\MiKTeX 2.9\tex/latex/tools\tabularx.sty"
Package: tabularx 2016/02/03 v2.11b `tabularx' package (DPC)

("D:\Program Files\MiKTeX 2.9\tex/latex/tools\array.sty"
Package: array 2019/08/31 v2.4l Tabular extension package (FMi)
\col@sep=\dimen123
\ar@mcellbox=\box32
\extrarowheight=\dimen124
\NC@list=\toks23
\extratabsurround=\skip55
\backup@length=\skip56
\ar@cellbox=\box33
)
\TX@col@width=\dimen125
\TX@old@table=\dimen126
\TX@old@col=\dimen127
\TX@target=\dimen128
\TX@delta=\dimen129
\TX@cols=\count101
\TX@ftn=\toks24
)
\@currentdaynum=\count102
\c@calendardate=\count103
\StartingDayNumber=\count104
)
(MemoriaPlantillaGestionFinal.aux
LaTeX Info: Redefining \. on input line 7.
LaTeX Info: Redefining \% on input line 7.
)
\openout1 = `MemoriaPlantillaGestionFinal.aux'.

LaTeX Font Info:    Checking defaults for OML/cmm/m/it on input line 30.
LaTeX Font Info:    ... okay on input line 30.
LaTeX Font Info:    Checking defaults for T1/cmr/m/n on input line 30.
LaTeX Font Info:    ... okay on input line 30.
LaTeX Font Info:    Checking defaults for OT1/cmr/m/n on input line 30.
LaTeX Font Info:    ... okay on input line 30.
LaTeX Font Info:    Checking defaults for OMS/cmsy/m/n on input line 30.
LaTeX Font Info:    ... okay on input line 30.
LaTeX Font Info:    Checking defaults for OMX/cmex/m/n on input line 30.
LaTeX Font Info:    ... okay on input line 30.
LaTeX Font Info:    Checking defaults for U/cmr/m/n on input line 30.
LaTeX Font Info:    ... okay on input line 30.
LaTeX Info: Redefining \. on input line 30.
LaTeX Info: Redefining \% on input line 30.
\AtBeginShipoutBox=\box34

("D:\Program Files\MiKTeX 2.9\tex/context/base/mkii\supp-pdf.mkii"
[Loading MPS to PDF converter (version 2006.09.02).]
\scratchcounter=\count105
\scratchdimen=\dimen130
\scratchbox=\box35
\nofMPsegments=\count106
\nofMParguments=\count107
\everyMPshowfont=\toks25
\MPscratchCnt=\count108
\MPscratchDim=\dimen131
\MPnumerator=\count109
\makeMPintoPDFobject=\count110
\everyMPtoPDFconversion=\toks26
) ("D:\Program Files\MiKTeX 2.9\tex/latex/oberdiek\epstopdf-base.sty"
Package: epstopdf-base 2016/05/15 v2.6 Base part for package epstopdf

("D:\Program Files\MiKTeX 2.9\tex/latex/oberdiek\grfext.sty"
Package: grfext 2016/05/16 v1.2 Manage graphics extensions (HO)

("D:\Program Files\MiKTeX 2.9\tex/generic/oberdiek\kvdefinekeys.sty"
Package: kvdefinekeys 2016/05/16 v1.4 Define keys (HO)
))
("D:\Program Files\MiKTeX 2.9\tex/latex/oberdiek\kvoptions.sty"
Package: kvoptions 2016/05/16 v3.12 Key value format for package options (HO)

("D:\Program Files\MiKTeX 2.9\tex/generic/oberdiek\kvsetkeys.sty"
Package: kvsetkeys 2016/05/16 v1.17 Key value parser (HO)

("D:\Program Files\MiKTeX 2.9\tex/generic/oberdiek\etexcmds.sty"
Package: etexcmds 2016/05/16 v1.6 Avoid name clashes with e-TeX commands (HO)

("D:\Program Files\MiKTeX 2.9\tex/generic/iftex\ifluatex.sty"
Package: ifluatex 2019/10/25 v1.5 ifluatex legacy package. Use iftex instead.
))))
(C:\Users\Alex\AppData\Roaming\MiKTeX\2.9\tex/latex/pdftexcmds\pdftexcmds.sty
Package: pdftexcmds 2019/11/24 v0.31 Utility functions of pdfTeX for LuaTeX (HO
)
Package pdftexcmds Info: \pdf@primitive is available.
Package pdftexcmds Info: \pdf@ifprimitive is available.
Package pdftexcmds Info: \pdfdraftmode found.
)
Package epstopdf-base Info: Redefining graphics rule for `.eps' on input line 4
38.
Package grfext Info: Graphics extension search list:
(grfext)             [.pdf,.png,.jpg,.mps,.jpeg,.jbig2,.jb2,.PDF,.PNG,.JPG,.JPE
G,.JBIG2,.JB2,.eps]
(grfext)             \AppendGraphicsExtensions on input line 456.
) ("D:\Program Files\MiKTeX 2.9\tex/latex/oberdiek\pdflscape.sty"
Package: pdflscape 2016/05/14 v0.11 Display of landscape pages in PDF (HO)

("D:\Program Files\MiKTeX 2.9\tex/latex/graphics\lscape.sty"
Package: lscape 2000/10/22 v3.01 Landscape Pages (DPC)
)
Package pdflscape Info: Auto-detected driver: pdftex on input line 81.

("D:\Program Files\MiKTeX 2.9\tex/generic/iftex\ifxetex.sty"
Package: ifxetex 2019/10/25 v0.7 ifxetex legacy package. Use iftex instead.
))
<logoDefinitivo1.png, id=1, 396.2805pt x 341.47575pt>
File: logoDefinitivo1.png Graphic file (type png)
<use logoDefinitivo1.png>
Package pdftex.def Info: logoDefinitivo1.png  used on input line 51.
(pdftex.def)             Requested size: 257.57927pt x 221.9566pt.
LaTeX Font Info:    Trying to load font information for U+msa on input line 51.


("D:\Program Files\MiKTeX 2.9\tex/latex/amsfonts\umsa.fd"
File: umsa.fd 2013/01/14 v3.01 AMS symbols A
)
LaTeX Font Info:    Trying to load font information for U+msb on input line 51.


("D:\Program Files\MiKTeX 2.9\tex/latex/amsfonts\umsb.fd"
File: umsb.fd 2013/01/14 v3.01 AMS symbols B
)
<logoUZ.png, id=3, 345.9324pt x 127.1952pt>
File: logoUZ.png Graphic file (type png)
<use logoUZ.png>
Package pdftex.def Info: logoUZ.png  used on input line 51.
(pdftex.def)             Requested size: 172.96577pt x 63.59744pt.
 [1

{C:/Users/Alex/AppData/Local/MiKTeX/2.9/pdftex/config/pdftex.map} <./logoDefini
tivo1.png> <./logoUZ.png>]
Underfull \hbox (badness 10000) in paragraph at lines 54--67

 []


Underfull \hbox (badness 10000) in paragraph at lines 54--67

 []


Underfull \hbox (badness 10000) in paragraph at lines 54--67

 []


Underfull \hbox (badness 10000) in paragraph at lines 54--67

 []


Underfull \hbox (badness 10000) in paragraph at lines 54--67

 []


Underfull \hbox (badness 10000) in paragraph at lines 54--67

 []


Underfull \hbox (badness 10000) in paragraph at lines 54--67

 []

[2] (MemoriaPlantillaGestionFinal.toc
LaTeX Info: Redefining \. on input line 1.
LaTeX Info: Redefining \% on input line 1.
)
\tf@toc=\write3
\openout3 = `MemoriaPlantillaGestionFinal.toc'.

 [3]
Overfull \hbox (120.63148pt too wide) in paragraph at lines 80--109
 []|  [] 
 []


Overfull \hbox (89.18698pt too wide) in paragraph at lines 112--129
 []|  [] 
 []

<logoEina.png, id=22, 1204.5pt x 343.2825pt>
File: logoEina.png Graphic file (type png)
<use logoEina.png>
Package pdftex.def Info: logoEina.png  used on input line 130.
(pdftex.def)             Requested size: 113.81102pt x 32.43407pt.
<logoDefinitivo3.png, id=23, 422.7795pt x 136.71075pt>
File: logoDefinitivo3.png Graphic file (type png)
<use logoDefinitivo3.png>
Package pdftex.def Info: logoDefinitivo3.png  used on input line 130.
(pdftex.def)             Requested size: 99.58464pt x 32.20212pt.
[4 <./logoEina.png> <./logoDefinitivo3.png>]
File: logoEina.png Graphic file (type png)
<use logoEina.png>
Package pdftex.def Info: logoEina.png  used on input line 130.
(pdftex.def)             Requested size: 113.81102pt x 32.43407pt.
File: logoDefinitivo3.png Graphic file (type png)
<use logoDefinitivo3.png>
Package pdftex.def Info: logoDefinitivo3.png  used on input line 130.
(pdftex.def)             Requested size: 99.58464pt x 32.20212pt.
 [5]
Underfull \hbox (badness 10000) in paragraph at lines 136--141

 []


Underfull \hbox (badness 10000) in paragraph at lines 136--141

 []

File: logoEina.png Graphic file (type png)
<use logoEina.png>
Package pdftex.def Info: logoEina.png  used on input line 141.
(pdftex.def)             Requested size: 113.81102pt x 32.43407pt.
File: logoDefinitivo3.png Graphic file (type png)
<use logoDefinitivo3.png>
Package pdftex.def Info: logoDefinitivo3.png  used on input line 141.
(pdftex.def)             Requested size: 99.58464pt x 32.20212pt.
[6]
LaTeX Font Info:    Trying to load font information for OMS+cmr on input line 1
45.
 ("D:\Program Files\MiKTeX 2.9\tex/latex/base\omscmr.fd"
File: omscmr.fd 2014/09/29 v2.5h Standard LaTeX font definitions
)
LaTeX Font Info:    Font shape `OMS/cmr/m/n' in size <10> not available
(Font)              Font shape `OMS/cmsy/m/n' tried instead on input line 145.
File: logoEina.png Graphic file (type png)
<use logoEina.png>
Package pdftex.def Info: logoEina.png  used on input line 168.
(pdftex.def)             Requested size: 113.81102pt x 32.43407pt.
File: logoDefinitivo3.png Graphic file (type png)
<use logoDefinitivo3.png>
Package pdftex.def Info: logoDefinitivo3.png  used on input line 168.
(pdftex.def)             Requested size: 99.58464pt x 32.20212pt.
 [7]
Overfull \hbox (10.72244pt too wide) in paragraph at lines 170--183
[]\OT1/cmr/m/n/10 Las co-mu-ni-ca-cio-nes in-ter-nas se lle-varan a ca-bo me-d
ian-te un gru-po de \OT1/cmr/m/it/10 WhatsApp
 []


Underfull \hbox (badness 10000) in paragraph at lines 170--183

 []


Underfull \hbox (badness 10000) in paragraph at lines 170--183

 []


Underfull \hbox (badness 10000) in paragraph at lines 185--187

 []

File: logoEina.png Graphic file (type png)
<use logoEina.png>
Package pdftex.def Info: logoEina.png  used on input line 187.
(pdftex.def)             Requested size: 113.81102pt x 32.43407pt.
File: logoDefinitivo3.png Graphic file (type png)
<use logoDefinitivo3.png>
Package pdftex.def Info: logoDefinitivo3.png  used on input line 187.
(pdftex.def)             Requested size: 99.58464pt x 32.20212pt.
[8]
Underfull \hbox (badness 10000) in paragraph at lines 188--191

 []

File: logoEina.png Graphic file (type png)
<use logoEina.png>
Package pdftex.def Info: logoEina.png  used on input line 198.
(pdftex.def)             Requested size: 113.81102pt x 32.43407pt.
File: logoDefinitivo3.png Graphic file (type png)
<use logoDefinitivo3.png>
Package pdftex.def Info: logoDefinitivo3.png  used on input line 198.
(pdftex.def)             Requested size: 99.58464pt x 32.20212pt.
[9]
<conf1.png, id=47, 430.60875pt x 16.863pt>
File: conf1.png Graphic file (type png)
<use conf1.png>
Package pdftex.def Info: conf1.png  used on input line 205.
(pdftex.def)             Requested size: 236.83553pt x 9.27466pt.

Underfull \hbox (badness 10000) in paragraph at lines 207--218

 []


Underfull \hbox (badness 10000) in paragraph at lines 207--218

 []


Underfull \hbox (badness 10000) in paragraph at lines 207--218

 []


Underfull \hbox (badness 10000) in paragraph at lines 207--218

 []

File: logoEina.png Graphic file (type png)
<use logoEina.png>
Package pdftex.def Info: logoEina.png  used on input line 218.
(pdftex.def)             Requested size: 113.81102pt x 32.43407pt.
File: logoDefinitivo3.png Graphic file (type png)
<use logoDefinitivo3.png>
Package pdftex.def Info: logoDefinitivo3.png  used on input line 218.
(pdftex.def)             Requested size: 99.58464pt x 32.20212pt.
[10 <./conf1.png>]
File: logoEina.png Graphic file (type png)
<use logoEina.png>
Package pdftex.def Info: logoEina.png  used on input line 227.
(pdftex.def)             Requested size: 113.81102pt x 32.43407pt.
File: logoDefinitivo3.png Graphic file (type png)
<use logoDefinitivo3.png>
Package pdftex.def Info: logoDefinitivo3.png  used on input line 227.
(pdftex.def)             Requested size: 99.58464pt x 32.20212pt.
 [11]
Underfull \hbox (badness 10000) in paragraph at lines 229--239

 []


Underfull \hbox (badness 10000) in paragraph at lines 229--239

 []


Underfull \hbox (badness 10000) in paragraph at lines 229--239

 []

File: logoEina.png Graphic file (type png)
<use logoEina.png>
Package pdftex.def Info: logoEina.png  used on input line 258.
(pdftex.def)             Requested size: 113.81102pt x 32.43407pt.
File: logoDefinitivo3.png Graphic file (type png)
<use logoDefinitivo3.png>
Package pdftex.def Info: logoDefinitivo3.png  used on input line 258.
(pdftex.def)             Requested size: 99.58464pt x 32.20212pt.
[12]
File: logoEina.png Graphic file (type png)
<use logoEina.png>
Package pdftex.def Info: logoEina.png  used on input line 270.
(pdftex.def)             Requested size: 113.81102pt x 32.43407pt.
File: logoDefinitivo3.png Graphic file (type png)
<use logoDefinitivo3.png>
Package pdftex.def Info: logoDefinitivo3.png  used on input line 270.
(pdftex.def)             Requested size: 99.58464pt x 32.20212pt.
 [13]
<calendar.pdf, id=64, 845.0471pt x 597.50829pt>
File: calendar.pdf Graphic file (type pdf)
<use calendar.pdf>
Package pdftex.def Info: calendar.pdf  used on input line 278.
(pdftex.def)             Requested size: 845.04504pt x 597.50682pt.
File: calendar.pdf Graphic file (type pdf)
<use calendar.pdf>
Package pdftex.def Info: calendar.pdf  used on input line 278.
(pdftex.def)             Requested size: 845.04504pt x 597.50682pt.
<calendar.pdf, id=67, page=1, 845.0471pt x 597.50829pt>
File: calendar.pdf Graphic file (type pdf)
<use calendar.pdf, page 1>
Package pdftex.def Info: calendar.pdf , page1 used on input line 278.
(pdftex.def)             Requested size: 845.04504pt x 597.50682pt.
File: calendar.pdf Graphic file (type pdf)
<use calendar.pdf, page 1>
Package pdftex.def Info: calendar.pdf , page1 used on input line 278.
(pdftex.def)             Requested size: 614.32619pt x 434.37221pt.
File: logoEina.png Graphic file (type png)
<use logoEina.png>
Package pdftex.def Info: logoEina.png  used on input line 278.
(pdftex.def)             Requested size: 113.81102pt x 32.43407pt.
File: logoDefinitivo3.png Graphic file (type png)
<use logoDefinitivo3.png>
Package pdftex.def Info: logoDefinitivo3.png  used on input line 278.
(pdftex.def)             Requested size: 99.58464pt x 32.20212pt.
 [14]
File: calendar.pdf Graphic file (type pdf)
<use calendar.pdf, page 1>
Package pdftex.def Info: calendar.pdf , page1 used on input line 278.
(pdftex.def)             Requested size: 614.32619pt x 434.37221pt.
File: calendar.pdf Graphic file (type pdf)
<use calendar.pdf, page 1>
Package pdftex.def Info: calendar.pdf , page1 used on input line 278.
(pdftex.def)             Requested size: 614.32619pt x 434.37221pt.
File: calendar.pdf Graphic file (type pdf)
<use calendar.pdf, page 1>
Package pdftex.def Info: calendar.pdf , page1 used on input line 278.
(pdftex.def)             Requested size: 614.32619pt x 434.37221pt.
 [15 <./calendar.pdf>]
<calendar.pdf, id=85, page=2, 845.0471pt x 597.50829pt>
File: calendar.pdf Graphic file (type pdf)
<use calendar.pdf, page 2>
Package pdftex.def Info: calendar.pdf , page2 used on input line 278.
(pdftex.def)             Requested size: 614.32619pt x 434.37221pt.
File: calendar.pdf Graphic file (type pdf)
<use calendar.pdf, page 2>
Package pdftex.def Info: calendar.pdf , page2 used on input line 278.
(pdftex.def)             Requested size: 614.32619pt x 434.37221pt.
File: calendar.pdf Graphic file (type pdf)
<use calendar.pdf, page 2>
Package pdftex.def Info: calendar.pdf , page2 used on input line 278.
(pdftex.def)             Requested size: 614.32619pt x 434.37221pt.
 [16 <./calendar.pdf>]
<Gantt_app.png, id=89, 876.27374pt x 380.01974pt>
File: Gantt_app.png Graphic file (type png)
<use Gantt_app.png>
Package pdftex.def Info: Gantt_app.png  used on input line 284.
(pdftex.def)             Requested size: 534.5262pt x 231.8117pt.

Overfull \hbox (86.47331pt too wide) in paragraph at lines 283--285
 []|  [] 
 []

<Gantt_web.png, id=90, 873.86475pt x 377.0085pt>
File: Gantt_web.png Graphic file (type png)
<use Gantt_web.png>
Package pdftex.def Info: Gantt_web.png  used on input line 288.
(pdftex.def)             Requested size: 533.05673pt x 229.97484pt.

Overfull \hbox (85.00385pt too wide) in paragraph at lines 287--289
 []|  [] 
 []

<Gantt_back.png, id=91, 872.66025pt x 369.7815pt>
File: Gantt_back.png Graphic file (type png)
<use Gantt_back.png>
Package pdftex.def Info: Gantt_back.png  used on input line 292.
(pdftex.def)             Requested size: 532.32198pt x 225.56638pt.

Overfull \hbox (84.26909pt too wide) in paragraph at lines 291--293
 []|  [] 
 []

File: logoEina.png Graphic file (type png)
<use logoEina.png>
Package pdftex.def Info: logoEina.png  used on input line 294.
(pdftex.def)             Requested size: 113.81102pt x 32.43407pt.
File: logoDefinitivo3.png Graphic file (type png)
<use logoDefinitivo3.png>
Package pdftex.def Info: logoDefinitivo3.png  used on input line 294.
(pdftex.def)             Requested size: 99.58464pt x 32.20212pt.
[17 <./Gantt_app.png> <./Gantt_web.png>]
File: logoEina.png Graphic file (type png)
<use logoEina.png>
Package pdftex.def Info: logoEina.png  used on input line 295.
(pdftex.def)             Requested size: 113.81102pt x 32.43407pt.
File: logoDefinitivo3.png Graphic file (type png)
<use logoDefinitivo3.png>
Package pdftex.def Info: logoDefinitivo3.png  used on input line 295.
(pdftex.def)             Requested size: 99.58464pt x 32.20212pt.
 [18 <./Gantt_back.png>]
Overfull \hbox (77.33858pt too wide) in paragraph at lines 301--356
[][] 
 []

File: logoEina.png Graphic file (type png)
<use logoEina.png>
Package pdftex.def Info: logoEina.png  used on input line 357.
(pdftex.def)             Requested size: 113.81102pt x 32.43407pt.
File: logoDefinitivo3.png Graphic file (type png)
<use logoDefinitivo3.png>
Package pdftex.def Info: logoDefinitivo3.png  used on input line 357.
(pdftex.def)             Requested size: 99.58464pt x 32.20212pt.
[19]
Overfull \hbox (77.33858pt too wide) in paragraph at lines 359--382
[][] 
 []


Overfull \hbox (77.33858pt too wide) in paragraph at lines 386--405
[][] 
 []

File: logoEina.png Graphic file (type png)
<use logoEina.png>
Package pdftex.def Info: logoEina.png  used on input line 406.
(pdftex.def)             Requested size: 113.81102pt x 32.43407pt.
File: logoDefinitivo3.png Graphic file (type png)
<use logoDefinitivo3.png>
Package pdftex.def Info: logoDefinitivo3.png  used on input line 406.
(pdftex.def)             Requested size: 99.58464pt x 32.20212pt.
[20]
<EstructuraProyecto.png, id=108, 552.56438pt x 449.42906pt>
File: EstructuraProyecto.png Graphic file (type png)
<use EstructuraProyecto.png>
Package pdftex.def Info: EstructuraProyecto.png  used on input line 412.
(pdftex.def)             Requested size: 276.28151pt x 224.71397pt.
File: logoEina.png Graphic file (type png)
<use logoEina.png>
Package pdftex.def Info: logoEina.png  used on input line 415.
(pdftex.def)             Requested size: 113.81102pt x 32.43407pt.
File: logoDefinitivo3.png Graphic file (type png)
<use logoDefinitivo3.png>
Package pdftex.def Info: logoDefinitivo3.png  used on input line 415.
(pdftex.def)             Requested size: 99.58464pt x 32.20212pt.
 [21 <./EstructuraProyecto.png>]
<EsquemaPS.png, id=112, 803.25093pt x 578.16pt>
File: EsquemaPS.png Graphic file (type png)
<use EsquemaPS.png>
Package pdftex.def Info: EsquemaPS.png  used on input line 418.
(pdftex.def)             Requested size: 321.29468pt x 231.2599pt.

Underfull \hbox (badness 10000) in paragraph at lines 421--426

 []


Underfull \hbox (badness 10000) in paragraph at lines 421--426

 []

File: logoEina.png Graphic file (type png)
<use logoEina.png>
Package pdftex.def Info: logoEina.png  used on input line 432.
(pdftex.def)             Requested size: 113.81102pt x 32.43407pt.
File: logoDefinitivo3.png Graphic file (type png)
<use logoDefinitivo3.png>
Package pdftex.def Info: logoDefinitivo3.png  used on input line 432.
(pdftex.def)             Requested size: 99.58464pt x 32.20212pt.
[22 <./EsquemaPS.png>]
File: logoEina.png Graphic file (type png)
<use logoEina.png>
Package pdftex.def Info: logoEina.png  used on input line 435.
(pdftex.def)             Requested size: 113.81102pt x 32.43407pt.
File: logoDefinitivo3.png Graphic file (type png)
<use logoDefinitivo3.png>
Package pdftex.def Info: logoDefinitivo3.png  used on input line 435.
(pdftex.def)             Requested size: 99.58464pt x 32.20212pt.
 [23]
<ModeloER.jpg, id=119, 1505.625pt x 1410.26875pt>
File: ModeloER.jpg Graphic file (type jpg)
<use ModeloER.jpg>
Package pdftex.def Info: ModeloER.jpg  used on input line 439.
(pdftex.def)             Requested size: 526.97665pt x 493.60146pt.

Overfull \hbox (73.2333pt too wide) in paragraph at lines 438--440
 []|  [] 
 []

File: logoEina.png Graphic file (type png)
<use logoEina.png>
Package pdftex.def Info: logoEina.png  used on input line 441.
(pdftex.def)             Requested size: 113.81102pt x 32.43407pt.
File: logoDefinitivo3.png Graphic file (type png)
<use logoDefinitivo3.png>
Package pdftex.def Info: logoDefinitivo3.png  used on input line 441.
(pdftex.def)             Requested size: 99.58464pt x 32.20212pt.
[24 <./ModeloER.jpg>]
Underfull \hbox (badness 10000) in paragraph at lines 444--452

 []


Underfull \hbox (badness 10000) in paragraph at lines 444--452

 []


Underfull \hbox (badness 10000) in paragraph at lines 453--455

 []

File: logoEina.png Graphic file (type png)
<use logoEina.png>
Package pdftex.def Info: logoEina.png  used on input line 455.
(pdftex.def)             Requested size: 113.81102pt x 32.43407pt.
File: logoDefinitivo3.png Graphic file (type png)
<use logoDefinitivo3.png>
Package pdftex.def Info: logoDefinitivo3.png  used on input line 455.
(pdftex.def)             Requested size: 99.58464pt x 32.20212pt.
[25]
Underfull \hbox (badness 10000) in paragraph at lines 456--479

 []


Underfull \hbox (badness 10000) in paragraph at lines 456--479

 []


Underfull \hbox (badness 10000) in paragraph at lines 456--479

 []


Underfull \hbox (badness 10000) in paragraph at lines 456--479

 []


Underfull \hbox (badness 10000) in paragraph at lines 456--479

 []


Underfull \hbox (badness 10000) in paragraph at lines 456--479

 []


Underfull \hbox (badness 10000) in paragraph at lines 456--479

 []

File: logoEina.png Graphic file (type png)
<use logoEina.png>
Package pdftex.def Info: logoEina.png  used on input line 479.
(pdftex.def)             Requested size: 113.81102pt x 32.43407pt.
File: logoDefinitivo3.png Graphic file (type png)
<use logoDefinitivo3.png>
Package pdftex.def Info: logoDefinitivo3.png  used on input line 479.
(pdftex.def)             Requested size: 99.58464pt x 32.20212pt.
[26]
Underfull \hbox (badness 10000) in paragraph at lines 480--501

 []


Underfull \hbox (badness 10000) in paragraph at lines 480--501

 []


Underfull \hbox (badness 10000) in paragraph at lines 480--501

 []


Underfull \hbox (badness 10000) in paragraph at lines 480--501

 []


Underfull \hbox (badness 10000) in paragraph at lines 480--501

 []


Underfull \hbox (badness 10000) in paragraph at lines 480--501

 []


Underfull \hbox (badness 10000) in paragraph at lines 480--501

 []


Underfull \hbox (badness 10000) in paragraph at lines 480--501

 []


Underfull \hbox (badness 10000) in paragraph at lines 480--501

 []

File: logoEina.png Graphic file (type png)
<use logoEina.png>
Package pdftex.def Info: logoEina.png  used on input line 501.
(pdftex.def)             Requested size: 113.81102pt x 32.43407pt.
File: logoDefinitivo3.png Graphic file (type png)
<use logoDefinitivo3.png>
Package pdftex.def Info: logoDefinitivo3.png  used on input line 501.
(pdftex.def)             Requested size: 99.58464pt x 32.20212pt.
[27]
File: logoEina.png Graphic file (type png)
<use logoEina.png>
Package pdftex.def Info: logoEina.png  used on input line 501.
(pdftex.def)             Requested size: 113.81102pt x 32.43407pt.
File: logoDefinitivo3.png Graphic file (type png)
<use logoDefinitivo3.png>
Package pdftex.def Info: logoDefinitivo3.png  used on input line 501.
(pdftex.def)             Requested size: 99.58464pt x 32.20212pt.
 [28]
Underfull \hbox (badness 10000) in paragraph at lines 504--513

 []


Underfull \hbox (badness 10000) in paragraph at lines 504--513

 []


Underfull \hbox (badness 10000) in paragraph at lines 504--513

 []


Underfull \hbox (badness 10000) in paragraph at lines 504--513

 []


Underfull \hbox (badness 10000) in paragraph at lines 514--523

 []


Underfull \hbox (badness 10000) in paragraph at lines 514--523

 []


Underfull \hbox (badness 10000) in paragraph at lines 514--523

 []


Underfull \hbox (badness 10000) in paragraph at lines 514--523

 []

File: logoEina.png Graphic file (type png)
<use logoEina.png>
Package pdftex.def Info: logoEina.png  used on input line 523.
(pdftex.def)             Requested size: 113.81102pt x 32.43407pt.
File: logoDefinitivo3.png Graphic file (type png)
<use logoDefinitivo3.png>
Package pdftex.def Info: logoDefinitivo3.png  used on input line 523.
(pdftex.def)             Requested size: 99.58464pt x 32.20212pt.
[29]
File: logoEina.png Graphic file (type png)
<use logoEina.png>
Package pdftex.def Info: logoEina.png  used on input line 523.
(pdftex.def)             Requested size: 113.81102pt x 32.43407pt.
File: logoDefinitivo3.png Graphic file (type png)
<use logoDefinitivo3.png>
Package pdftex.def Info: logoDefinitivo3.png  used on input line 523.
(pdftex.def)             Requested size: 99.58464pt x 32.20212pt.
 [30]
Underfull \hbox (badness 10000) in paragraph at lines 525--532

 []


Underfull \hbox (badness 10000) in paragraph at lines 525--532

 []


Underfull \hbox (badness 10000) in paragraph at lines 525--532

 []


Underfull \hbox (badness 10000) in paragraph at lines 533--544

 []


Underfull \hbox (badness 10000) in paragraph at lines 533--544

 []


Underfull \hbox (badness 10000) in paragraph at lines 533--544

 []


Underfull \hbox (badness 10000) in paragraph at lines 533--544

 []


Underfull \hbox (badness 10000) in paragraph at lines 533--544

 []

File: logoEina.png Graphic file (type png)
<use logoEina.png>
Package pdftex.def Info: logoEina.png  used on input line 544.
(pdftex.def)             Requested size: 113.81102pt x 32.43407pt.
File: logoDefinitivo3.png Graphic file (type png)
<use logoDefinitivo3.png>
Package pdftex.def Info: logoDefinitivo3.png  used on input line 544.
(pdftex.def)             Requested size: 99.58464pt x 32.20212pt.
[31]
Underfull \hbox (badness 10000) in paragraph at lines 545--553

 []


Underfull \hbox (badness 10000) in paragraph at lines 545--553

 []


Underfull \hbox (badness 10000) in paragraph at lines 545--553

 []

File: logoEina.png Graphic file (type png)
<use logoEina.png>
Package pdftex.def Info: logoEina.png  used on input line 553.
(pdftex.def)             Requested size: 113.81102pt x 32.43407pt.
File: logoDefinitivo3.png Graphic file (type png)
<use logoDefinitivo3.png>
Package pdftex.def Info: logoDefinitivo3.png  used on input line 553.
(pdftex.def)             Requested size: 99.58464pt x 32.20212pt.
[32]
Underfull \hbox (badness 10000) in paragraph at lines 556--561

 []


Underfull \hbox (badness 10000) in paragraph at lines 556--561

 []


Underfull \hbox (badness 10000) in paragraph at lines 562--574

 []


Underfull \hbox (badness 10000) in paragraph at lines 562--574

 []


Underfull \hbox (badness 10000) in paragraph at lines 562--574

 []


Underfull \hbox (badness 10000) in paragraph at lines 562--574

 []

File: logoEina.png Graphic file (type png)
<use logoEina.png>
Package pdftex.def Info: logoEina.png  used on input line 574.
(pdftex.def)             Requested size: 113.81102pt x 32.43407pt.
File: logoDefinitivo3.png Graphic file (type png)
<use logoDefinitivo3.png>
Package pdftex.def Info: logoDefinitivo3.png  used on input line 574.
(pdftex.def)             Requested size: 99.58464pt x 32.20212pt.
[33]
File: logoEina.png Graphic file (type png)
<use logoEina.png>
Package pdftex.def Info: logoEina.png  used on input line 574.
(pdftex.def)             Requested size: 113.81102pt x 32.43407pt.
File: logoDefinitivo3.png Graphic file (type png)
<use logoDefinitivo3.png>
Package pdftex.def Info: logoDefinitivo3.png  used on input line 574.
(pdftex.def)             Requested size: 99.58464pt x 32.20212pt.
 [34]
<actas.pdf, id=155, 598.235pt x 846.16125pt>
File: actas.pdf Graphic file (type pdf)
<use actas.pdf>
Package pdftex.def Info: actas.pdf  used on input line 576.
(pdftex.def)             Requested size: 598.23354pt x 846.1592pt.
File: actas.pdf Graphic file (type pdf)
<use actas.pdf>
Package pdftex.def Info: actas.pdf  used on input line 576.
(pdftex.def)             Requested size: 598.23354pt x 846.1592pt.
<actas.pdf, id=158, page=1, 598.235pt x 846.16125pt>
File: actas.pdf Graphic file (type pdf)
<use actas.pdf, page 1>
Package pdftex.def Info: actas.pdf , page1 used on input line 576.
(pdftex.def)             Requested size: 598.23354pt x 846.1592pt.
File: actas.pdf Graphic file (type pdf)
<use actas.pdf, page 1>
Package pdftex.def Info: actas.pdf , page1 used on input line 576.
(pdftex.def)             Requested size: 562.14015pt x 795.10765pt.
File: logoEina.png Graphic file (type png)
<use logoEina.png>
Package pdftex.def Info: logoEina.png  used on input line 576.
(pdftex.def)             Requested size: 113.81102pt x 32.43407pt.
File: logoDefinitivo3.png Graphic file (type png)
<use logoDefinitivo3.png>
Package pdftex.def Info: logoDefinitivo3.png  used on input line 576.
(pdftex.def)             Requested size: 99.58464pt x 32.20212pt.
 [35]
File: actas.pdf Graphic file (type pdf)
<use actas.pdf, page 1>
Package pdftex.def Info: actas.pdf , page1 used on input line 576.
(pdftex.def)             Requested size: 562.14015pt x 795.10765pt.
File: actas.pdf Graphic file (type pdf)
<use actas.pdf, page 1>
Package pdftex.def Info: actas.pdf , page1 used on input line 576.
(pdftex.def)             Requested size: 562.14015pt x 795.10765pt.
File: actas.pdf Graphic file (type pdf)
<use actas.pdf, page 1>
Package pdftex.def Info: actas.pdf , page1 used on input line 576.
(pdftex.def)             Requested size: 562.14015pt x 795.10765pt.
 [36 <./actas.pdf>]
<actas.pdf, id=177, page=2, 598.235pt x 846.16125pt>
File: actas.pdf Graphic file (type pdf)
<use actas.pdf, page 2>
Package pdftex.def Info: actas.pdf , page2 used on input line 576.
(pdftex.def)             Requested size: 562.14015pt x 795.10765pt.
File: actas.pdf Graphic file (type pdf)
<use actas.pdf, page 2>
Package pdftex.def Info: actas.pdf , page2 used on input line 576.
(pdftex.def)             Requested size: 562.14015pt x 795.10765pt.
File: actas.pdf Graphic file (type pdf)
<use actas.pdf, page 2>
Package pdftex.def Info: actas.pdf , page2 used on input line 576.
(pdftex.def)             Requested size: 562.14015pt x 795.10765pt.
 [37 <./actas.pdf>]
<actas.pdf, id=198, page=3, 598.235pt x 846.16125pt>
File: actas.pdf Graphic file (type pdf)
<use actas.pdf, page 3>
Package pdftex.def Info: actas.pdf , page3 used on input line 576.
(pdftex.def)             Requested size: 562.14015pt x 795.10765pt.
File: actas.pdf Graphic file (type pdf)
<use actas.pdf, page 3>
Package pdftex.def Info: actas.pdf , page3 used on input line 576.
(pdftex.def)             Requested size: 562.14015pt x 795.10765pt.
File: actas.pdf Graphic file (type pdf)
<use actas.pdf, page 3>
Package pdftex.def Info: actas.pdf , page3 used on input line 576.
(pdftex.def)             Requested size: 562.14015pt x 795.10765pt.
 [38 <./actas.pdf>]
<actas.pdf, id=218, page=4, 598.235pt x 846.16125pt>
File: actas.pdf Graphic file (type pdf)
<use actas.pdf, page 4>
Package pdftex.def Info: actas.pdf , page4 used on input line 576.
(pdftex.def)             Requested size: 562.14015pt x 795.10765pt.
File: actas.pdf Graphic file (type pdf)
<use actas.pdf, page 4>
Package pdftex.def Info: actas.pdf , page4 used on input line 576.
(pdftex.def)             Requested size: 562.14015pt x 795.10765pt.
File: actas.pdf Graphic file (type pdf)
<use actas.pdf, page 4>
Package pdftex.def Info: actas.pdf , page4 used on input line 576.
(pdftex.def)             Requested size: 562.14015pt x 795.10765pt.

[39 <./actas.pdf>]
<actas.pdf, id=238, page=5, 598.235pt x 846.16125pt>
File: actas.pdf Graphic file (type pdf)
<use actas.pdf, page 5>
Package pdftex.def Info: actas.pdf , page5 used on input line 576.
(pdftex.def)             Requested size: 562.14015pt x 795.10765pt.
File: actas.pdf Graphic file (type pdf)
<use actas.pdf, page 5>
Package pdftex.def Info: actas.pdf , page5 used on input line 576.
(pdftex.def)             Requested size: 562.14015pt x 795.10765pt.
File: actas.pdf Graphic file (type pdf)
<use actas.pdf, page 5>
Package pdftex.def Info: actas.pdf , page5 used on input line 576.
(pdftex.def)             Requested size: 562.14015pt x 795.10765pt.
 [40 <./actas.pdf>]
File: logoEina.png Graphic file (type png)
<use logoEina.png>
Package pdftex.def Info: logoEina.png  used on input line 600.
(pdftex.def)             Requested size: 113.81102pt x 32.43407pt.
File: logoDefinitivo3.png Graphic file (type png)
<use logoDefinitivo3.png>
Package pdftex.def Info: logoDefinitivo3.png  used on input line 600.
(pdftex.def)             Requested size: 99.58464pt x 32.20212pt.
 [41]
<EstimacionCoste.png, id=261, 1017.20026pt x 797.98125pt>
File: EstimacionCoste.png Graphic file (type png)
<use EstimacionCoste.png>
Package pdftex.def Info: EstimacionCoste.png  used on input line 603.
(pdftex.def)             Requested size: 356.02542pt x 279.29762pt.

Overfull \hbox (11.02542pt too wide) in paragraph at lines 603--604
 [][] 
 []

File: logoEina.png Graphic file (type png)
<use logoEina.png>
Package pdftex.def Info: logoEina.png  used on input line 605.
(pdftex.def)             Requested size: 113.81102pt x 32.43407pt.
File: logoDefinitivo3.png Graphic file (type png)
<use logoDefinitivo3.png>
Package pdftex.def Info: logoDefinitivo3.png  used on input line 605.
(pdftex.def)             Requested size: 99.58464pt x 32.20212pt.
[42 <./EstimacionCoste.png>] (MemoriaPlantillaGestionFinal.aux
LaTeX Info: Redefining \. on input line 7.
LaTeX Info: Redefining \% on input line 7.
) ) 
Here is how much of TeX's memory you used:
 5026 strings out of 492450
 69219 string characters out of 3129752
 154106 words of memory out of 3000000
 9260 multiletter control sequences out of 15000+200000
 12156 words of font info for 47 fonts, out of 3000000 for 9000
 1144 hyphenation exceptions out of 8191
 51i,18n,46p,977b,486s stack positions out of 5000i,500n,10000p,200000b,50000s
<D:/Program Files/MiKTeX 2.9/fonts/type1/public/amsfonts/cm/cmbx10.pfb><D:/P
rogram Files/MiKTeX 2.9/fonts/type1/public/amsfonts/cm/cmbx12.pfb><D:/Program F
iles/MiKTeX 2.9/fonts/type1/public/amsfonts/cm/cmr10.pfb><D:/Program Files/MiKT
eX 2.9/fonts/type1/public/amsfonts/cm/cmr12.pfb><D:/Program Files/MiKTeX 2.9/fo
nts/type1/public/amsfonts/cm/cmr17.pfb><D:/Program Files/MiKTeX 2.9/fonts/type1
/public/amsfonts/cm/cmr6.pfb><D:/Program Files/MiKTeX 2.9/fonts/type1/public/am
sfonts/cm/cmr7.pfb><D:/Program Files/MiKTeX 2.9/fonts/type1/public/amsfonts/cm/
cmr8.pfb><D:/Program Files/MiKTeX 2.9/fonts/type1/public/amsfonts/cm/cmsy10.pfb
><D:/Program Files/MiKTeX 2.9/fonts/type1/public/amsfonts/cm/cmti10.pfb><D:/Pro
gram Files/MiKTeX 2.9/fonts/type1/urw/palatino/uplr8a.pfb><D:/Program Files/MiK
TeX 2.9/fonts/type1/urw/palatino/uplri8a.pfb>
Output written on MemoriaPlantillaGestionFinal.pdf (42 pages, 1240245 bytes).
PDF statistics:
 301 PDF objects out of 1000 (max. 8388607)
 0 named destinations out of 1000 (max. 500000)
 126 words of extra memory for PDF output out of 10000 (max. 10000000)

