This is pdfTeX, Version 3.14159265-2.6-1.40.20 (MiKTeX 2.9.7250 64-bit) (preloaded format=pdflatex 2019.11.22)  16 MAR 2020 18:44
entering extended mode
**./MemoriaPlantillaGestionV1.tex
(MemoriaPlantillaGestionV1.tex
LaTeX2e <2019-10-01> patch level 3
("C:\Users\alvar\AppData\Local\Programs\MiKTeX 2.9\tex/latex/base\article.cls"
Document Class: article 2019/10/25 v1.4k Standard LaTeX document class
("C:\Users\alvar\AppData\Local\Programs\MiKTeX 2.9\tex/latex/base\size10.clo"
File: size10.clo 2019/10/25 v1.4k Standard LaTeX file (size option)
)
\c@part=\count80
\c@section=\count81
\c@subsection=\count82
\c@subsubsection=\count83
\c@paragraph=\count84
\c@subparagraph=\count85
\c@figure=\count86
\c@table=\count87
\abovecaptionskip=\skip41
\belowcaptionskip=\skip42
\bibindent=\dimen102
) ("C:\Users\alvar\AppData\Local\Programs\MiKTeX 2.9\tex/latex/url\url.sty"
\Urlmuskip=\muskip10
Package: url 2013/09/16  ver 3.4  Verb mode for urls, etc.
)
("C:\Users\alvar\AppData\Local\Programs\MiKTeX 2.9\tex/latex/base\inputenc.sty"
Package: inputenc 2018/08/11 v1.3c Input encoding file
\inpenc@prehook=\toks14
\inpenc@posthook=\toks15
) ("C:\Users\alvar\AppData\Local\Programs\MiKTeX 2.9\tex/generic/babel\babel.st
y"
Package: babel 2019/10/15 3.35 The Babel package

("C:\Users\alvar\AppData\Local\Programs\MiKTeX 2.9\tex/generic/babel\switch.def
"
File: switch.def 2019/10/15 3.35 Babel switching mechanism
)
*************************************
* Local config file bblopts.cfg used
*
("C:\Users\alvar\AppData\Local\Programs\MiKTeX 2.9\tex/latex/arabi\bblopts.cfg"
File: bblopts.cfg 2005/09/08 v0.1 add Arabic and Farsi to "declared" options of
 babel
)
("C:\Users\alvar\AppData\Local\Programs\MiKTeX 2.9\tex/latex/babel-spanish\span
ish.ldf"
Language: spanish.ldf 2016/03/03 v5.0p Spanish support from the babel system

("C:\Users\alvar\AppData\Local\Programs\MiKTeX 2.9\tex/generic/babel\babel.def"
File: babel.def 2019/10/15 3.35 Babel common definitions
\babel@savecnt=\count88
\U@D=\dimen103

("C:\Users\alvar\AppData\Local\Programs\MiKTeX 2.9\tex/generic/babel\txtbabel.d
ef")
\bbl@dirlevel=\count89
)
\es@quottoks=\toks16
\es@quotdepth=\count90
Package babel Info: Making " an active character on input line 561.
Package babel Info: Making . an active character on input line 662.
Package babel Info: Making < an active character on input line 707.
Package babel Info: Making > an active character on input line 707.
))
("C:\Users\alvar\AppData\Local\Programs\MiKTeX 2.9\tex/latex/amsfonts\amssymb.s
ty"
Package: amssymb 2013/01/14 v3.01 AMS font symbols

("C:\Users\alvar\AppData\Local\Programs\MiKTeX 2.9\tex/latex/amsfonts\amsfonts.
sty"
Package: amsfonts 2013/01/14 v3.01 Basic AMSFonts support
\@emptytoks=\toks17
\symAMSa=\mathgroup4
\symAMSb=\mathgroup5
LaTeX Font Info:    Redeclaring math symbol \hbar on input line 98.
LaTeX Font Info:    Overwriting math alphabet `\mathfrak' in version `bold'
(Font)                  U/euf/m/n --> U/euf/b/n on input line 106.
))
("C:\Users\alvar\AppData\Local\Programs\MiKTeX 2.9\tex/latex/booktabs\booktabs.
sty"
Package: booktabs 2019/10/08 v1.6180339 publication quality tables
\heavyrulewidth=\dimen104
\lightrulewidth=\dimen105
\cmidrulewidth=\dimen106
\belowrulesep=\dimen107
\belowbottomsep=\dimen108
\aboverulesep=\dimen109
\abovetopsep=\dimen110
\cmidrulesep=\dimen111
\cmidrulekern=\dimen112
\defaultaddspace=\dimen113
\@cmidla=\count91
\@cmidlb=\count92
\@aboverulesep=\dimen114
\@belowrulesep=\dimen115
\@thisruleclass=\count93
\@lastruleclass=\count94
\@thisrulewidth=\dimen116
)
("C:\Users\alvar\AppData\Local\Programs\MiKTeX 2.9\tex/latex/float\float.sty"
Package: float 2001/11/08 v1.3d Float enhancements (AL)
\c@float@type=\count95
\float@exts=\toks18
\float@box=\box27
\@float@everytoks=\toks19
\@floatcapt=\box28
)
("C:\Users\alvar\AppData\Local\Programs\MiKTeX 2.9\tex/latex/pdfpages\pdfpages.
sty"
Package: pdfpages 2020/01/28 v0.5q Insert pages of external PDF documents (AM)

("C:\Users\alvar\AppData\Local\Programs\MiKTeX 2.9\tex/latex/base\ifthen.sty"
Package: ifthen 2014/09/29 v1.1c Standard LaTeX ifthen package (DPC)
)
("C:\Users\alvar\AppData\Local\Programs\MiKTeX 2.9\tex/latex/tools\calc.sty"
Package: calc 2017/05/25 v4.3 Infix arithmetic (KKT,FJ)
\calc@Acount=\count96
\calc@Bcount=\count97
\calc@Adimen=\dimen117
\calc@Bdimen=\dimen118
\calc@Askip=\skip43
\calc@Bskip=\skip44
LaTeX Info: Redefining \setlength on input line 80.
LaTeX Info: Redefining \addtolength on input line 81.
\calc@Ccount=\count98
\calc@Cskip=\skip45
)
("C:\Users\alvar\AppData\Local\Programs\MiKTeX 2.9\tex/latex/eso-pic\eso-pic.st
y"
Package: eso-pic 2018/04/12 v2.0h eso-pic (RN)

("C:\Users\alvar\AppData\Local\Programs\MiKTeX 2.9\tex/generic/oberdiek\atbegsh
i.sty"
Package: atbegshi 2016/06/09 v1.18 At begin shipout hook (HO)

("C:\Users\alvar\AppData\Local\Programs\MiKTeX 2.9\tex/generic/oberdiek\infware
rr.sty"
Package: infwarerr 2016/05/16 v1.4 Providing info/warning/error messages (HO)
)
("C:\Users\alvar\AppData\Local\Programs\MiKTeX 2.9\tex/generic/oberdiek\ltxcmds
.sty"
Package: ltxcmds 2016/05/16 v1.23 LaTeX kernel commands for general use (HO)
)
("C:\Users\alvar\AppData\Local\Programs\MiKTeX 2.9\tex/generic/iftex\ifpdf.sty"
Package: ifpdf 2019/10/25 v3.4 ifpdf legacy package. Use iftex instead.
("C:\Users\alvar\AppData\Local\Programs\MiKTeX 2.9\tex/generic/iftex\iftex.sty"
Package: iftex 2019/11/07 v1.0c TeX engine tests
)))
("C:\Users\alvar\AppData\Local\Programs\MiKTeX 2.9\tex/latex/graphics\keyval.st
y"
Package: keyval 2014/10/28 v1.15 key=value parser (DPC)
\KV@toks@=\toks20
)
("C:\Users\alvar\AppData\Local\Programs\MiKTeX 2.9\tex/latex/xcolor\xcolor.sty"
Package: xcolor 2016/05/11 v2.12 LaTeX color extensions (UK)

("C:\Users\alvar\AppData\Local\Programs\MiKTeX 2.9\tex/latex/graphics-cfg\color
.cfg"
File: color.cfg 2016/01/02 v1.6 sample color configuration
)
Package xcolor Info: Driver file: pdftex.def on input line 225.

("C:\Users\alvar\AppData\Local\Programs\MiKTeX 2.9\tex/latex/graphics-def\pdfte
x.def"
File: pdftex.def 2018/01/08 v1.0l Graphics/color driver for pdftex
)
Package xcolor Info: Model `cmy' substituted by `cmy0' on input line 1348.
Package xcolor Info: Model `hsb' substituted by `rgb' on input line 1352.
Package xcolor Info: Model `RGB' extended on input line 1364.
Package xcolor Info: Model `HTML' substituted by `rgb' on input line 1366.
Package xcolor Info: Model `Hsb' substituted by `hsb' on input line 1367.
Package xcolor Info: Model `tHsb' substituted by `hsb' on input line 1368.
Package xcolor Info: Model `HSB' substituted by `hsb' on input line 1369.
Package xcolor Info: Model `Gray' substituted by `gray' on input line 1370.
Package xcolor Info: Model `wave' substituted by `hsb' on input line 1371.
))
("C:\Users\alvar\AppData\Local\Programs\MiKTeX 2.9\tex/latex/graphics\graphicx.
sty"
Package: graphicx 2017/06/01 v1.1a Enhanced LaTeX Graphics (DPC,SPQR)

("C:\Users\alvar\AppData\Local\Programs\MiKTeX 2.9\tex/latex/graphics\graphics.
sty"
Package: graphics 2019/11/01 v1.3d Standard LaTeX Graphics (DPC,SPQR)

("C:\Users\alvar\AppData\Local\Programs\MiKTeX 2.9\tex/latex/graphics\trig.sty"
Package: trig 2016/01/03 v1.10 sin cos tan (DPC)
)
("C:\Users\alvar\AppData\Local\Programs\MiKTeX 2.9\tex/latex/graphics-cfg\graph
ics.cfg"
File: graphics.cfg 2016/06/04 v1.11 sample graphics configuration
)
Package graphics Info: Driver file: pdftex.def on input line 105.
)
\Gin@req@height=\dimen119
\Gin@req@width=\dimen120
)
\AM@pagewidth=\dimen121
\AM@pageheight=\dimen122

("C:\Users\alvar\AppData\Local\Programs\MiKTeX 2.9\tex/latex/pdfpages\pppdftex.
def"
File: pppdftex.def 2020/01/28 v0.5q Pdfpages driver for pdfTeX (AM)
)
\AM@pagebox=\box29
\AM@global@opts=\toks21
\AM@pagecnt=\count99
\AM@toc@title=\toks22
\c@AM@survey=\count100
\AM@templatesizebox=\box30
)
("C:\Users\alvar\AppData\Local\Programs\MiKTeX 2.9\tex/latex/fancyhdr\fancyhdr.
sty"
Package: fancyhdr 2019/01/31 v3.10 Extensive control of page headers and footer
s
\f@nch@headwidth=\skip46
\f@nch@O@elh=\skip47
\f@nch@O@erh=\skip48
\f@nch@O@olh=\skip49
\f@nch@O@orh=\skip50
\f@nch@O@elf=\skip51
\f@nch@O@erf=\skip52
\f@nch@O@olf=\skip53
\f@nch@O@orf=\skip54
)
("C:\Users\alvar\AppData\Local\Programs\MiKTeX 2.9\tex/latex/eurosym\eurosym.st
y"
Package: eurosym 1998/08/06 v1.1 European currency symbol ``Euro''
\@eurobox=\box31
) (calendar.sty
Package: calendar 2018/09/19LaTeX2e class file `calendar' v3.2

'calendar' style 3.22018/09/19.
Created by Evan Sultanik
****** Bugs/comments/suggestions/technicalities to Evan Sultanik -- evan@sultan
ik.com ******
("C:\Users\alvar\AppData\Local\Programs\MiKTeX 2.9\tex/latex/tools\tabularx.sty
"
Package: tabularx 2016/02/03 v2.11b `tabularx' package (DPC)
 ("C:\Users\alvar\AppData\Local\Programs\MiKTeX 2.9\tex/latex/tools\array.sty"
Package: array 2019/08/31 v2.4l Tabular extension package (FMi)
\col@sep=\dimen123
\ar@mcellbox=\box32
\extrarowheight=\dimen124
\NC@list=\toks23
\extratabsurround=\skip55
\backup@length=\skip56
\ar@cellbox=\box33
)
\TX@col@width=\dimen125
\TX@old@table=\dimen126
\TX@old@col=\dimen127
\TX@target=\dimen128
\TX@delta=\dimen129
\TX@cols=\count101
\TX@ftn=\toks24
)
\@currentdaynum=\count102
\c@calendardate=\count103
\StartingDayNumber=\count104
) (MemoriaPlantillaGestionV1.aux
LaTeX Info: Redefining \. on input line 7.
LaTeX Info: Redefining \% on input line 7.
)
\openout1 = `MemoriaPlantillaGestionV1.aux'.

LaTeX Font Info:    Checking defaults for OML/cmm/m/it on input line 30.
LaTeX Font Info:    ... okay on input line 30.
LaTeX Font Info:    Checking defaults for T1/cmr/m/n on input line 30.
LaTeX Font Info:    ... okay on input line 30.
LaTeX Font Info:    Checking defaults for OT1/cmr/m/n on input line 30.
LaTeX Font Info:    ... okay on input line 30.
LaTeX Font Info:    Checking defaults for OMS/cmsy/m/n on input line 30.
LaTeX Font Info:    ... okay on input line 30.
LaTeX Font Info:    Checking defaults for OMX/cmex/m/n on input line 30.
LaTeX Font Info:    ... okay on input line 30.
LaTeX Font Info:    Checking defaults for U/cmr/m/n on input line 30.
LaTeX Font Info:    ... okay on input line 30.
LaTeX Info: Redefining \. on input line 30.
LaTeX Info: Redefining \% on input line 30.
\AtBeginShipoutBox=\box34

("C:\Users\alvar\AppData\Local\Programs\MiKTeX 2.9\tex/context/base/mkii\supp-p
df.mkii"
[Loading MPS to PDF converter (version 2006.09.02).]
\scratchcounter=\count105
\scratchdimen=\dimen130
\scratchbox=\box35
\nofMPsegments=\count106
\nofMParguments=\count107
\everyMPshowfont=\toks25
\MPscratchCnt=\count108
\MPscratchDim=\dimen131
\MPnumerator=\count109
\makeMPintoPDFobject=\count110
\everyMPtoPDFconversion=\toks26
)
("C:\Users\alvar\AppData\Local\Programs\MiKTeX 2.9\tex/latex/oberdiek\epstopdf-
base.sty"
Package: epstopdf-base 2016/05/15 v2.6 Base part for package epstopdf

("C:\Users\alvar\AppData\Local\Programs\MiKTeX 2.9\tex/latex/oberdiek\grfext.st
y"
Package: grfext 2016/05/16 v1.2 Manage graphics extensions (HO)

("C:\Users\alvar\AppData\Local\Programs\MiKTeX 2.9\tex/generic/oberdiek\kvdefin
ekeys.sty"
Package: kvdefinekeys 2016/05/16 v1.4 Define keys (HO)
))
("C:\Users\alvar\AppData\Local\Programs\MiKTeX 2.9\tex/latex/oberdiek\kvoptions
.sty"
Package: kvoptions 2016/05/16 v3.12 Key value format for package options (HO)

("C:\Users\alvar\AppData\Local\Programs\MiKTeX 2.9\tex/generic/oberdiek\kvsetke
ys.sty"
Package: kvsetkeys 2016/05/16 v1.17 Key value parser (HO)

("C:\Users\alvar\AppData\Local\Programs\MiKTeX 2.9\tex/generic/oberdiek\etexcmd
s.sty"
Package: etexcmds 2016/05/16 v1.6 Avoid name clashes with e-TeX commands (HO)

("C:\Users\alvar\AppData\Local\Programs\MiKTeX 2.9\tex/generic/iftex\ifluatex.s
ty"
Package: ifluatex 2019/10/25 v1.5 ifluatex legacy package. Use iftex instead.
))))
("C:\Users\alvar\AppData\Local\Programs\MiKTeX 2.9\tex/generic/oberdiek\pdftexc
mds.sty"
Package: pdftexcmds 2019/07/25 v0.30 Utility functions of pdfTeX for LuaTeX (HO
)
Package pdftexcmds Info: LuaTeX not detected.
Package pdftexcmds Info: \pdf@primitive is available.
Package pdftexcmds Info: \pdf@ifprimitive is available.
Package pdftexcmds Info: \pdfdraftmode found.
)
Package epstopdf-base Info: Redefining graphics rule for `.eps' on input line 4
38.
Package grfext Info: Graphics extension search list:
(grfext)             [.pdf,.png,.jpg,.mps,.jpeg,.jbig2,.jb2,.PDF,.PNG,.JPG,.JPE
G,.JBIG2,.JB2,.eps]
(grfext)             \AppendGraphicsExtensions on input line 456.
)
("C:\Users\alvar\AppData\Local\Programs\MiKTeX 2.9\tex/latex/oberdiek\pdflscape
.sty"
Package: pdflscape 2016/05/14 v0.11 Display of landscape pages in PDF (HO)

("C:\Users\alvar\AppData\Local\Programs\MiKTeX 2.9\tex/latex/graphics\lscape.st
y"
Package: lscape 2000/10/22 v3.01 Landscape Pages (DPC)
)
Package pdflscape Info: Auto-detected driver: pdftex on input line 81.

("C:\Users\alvar\AppData\Local\Programs\MiKTeX 2.9\tex/generic/iftex\ifxetex.st
y"
Package: ifxetex 2019/10/25 v0.7 ifxetex legacy package. Use iftex instead.
))
<logoDefinitivo1.png, id=1, 396.2805pt x 341.47575pt>
File: logoDefinitivo1.png Graphic file (type png)
<use logoDefinitivo1.png>
Package pdftex.def Info: logoDefinitivo1.png  used on input line 51.
(pdftex.def)             Requested size: 257.57927pt x 221.9566pt.
LaTeX Font Info:    Trying to load font information for U+msa on input line 51.


("C:\Users\alvar\AppData\Local\Programs\MiKTeX 2.9\tex/latex/amsfonts\umsa.fd"
File: umsa.fd 2013/01/14 v3.01 AMS symbols A
)
LaTeX Font Info:    Trying to load font information for U+msb on input line 51.

("C:\Users\alvar\AppData\Local\Programs\MiKTeX 2.9\tex/latex/amsfonts\umsb.fd"
File: umsb.fd 2013/01/14 v3.01 AMS symbols B
)
<logoUZ.png, id=3, 345.9324pt x 127.1952pt>
File: logoUZ.png Graphic file (type png)
<use logoUZ.png>
Package pdftex.def Info: logoUZ.png  used on input line 51.
(pdftex.def)             Requested size: 172.96577pt x 63.59744pt.
[1

{C:/Users/alvar/AppData/Local/MiKTeX/2.9/pdftex/config/pdftex.map} <./logoDefin
itivo1.png> <./logoUZ.png>]
Underfull \hbox (badness 10000) in paragraph at lines 54--67

 []


Underfull \hbox (badness 10000) in paragraph at lines 54--67

 []


Underfull \hbox (badness 10000) in paragraph at lines 54--67

 []


Underfull \hbox (badness 10000) in paragraph at lines 54--67

 []


Underfull \hbox (badness 10000) in paragraph at lines 54--67

 []


Underfull \hbox (badness 10000) in paragraph at lines 54--67

 []


Underfull \hbox (badness 10000) in paragraph at lines 54--67

 []

[2] (MemoriaPlantillaGestionV1.toc
LaTeX Info: Redefining \. on input line 1.
LaTeX Info: Redefining \% on input line 1.
)
\tf@toc=\write3
\openout3 = `MemoriaPlantillaGestionV1.toc'.

 [3]
Overfull \hbox (120.63148pt too wide) in paragraph at lines 80--109
 []|  [] 
 []


Overfull \hbox (89.18698pt too wide) in paragraph at lines 112--129
 []|  [] 
 []

<logoEina.png, id=22, 1204.5pt x 343.2825pt>
File: logoEina.png Graphic file (type png)
<use logoEina.png>
Package pdftex.def Info: logoEina.png  used on input line 130.
(pdftex.def)             Requested size: 113.81102pt x 32.43407pt.
<logoDefinitivo3.png, id=23, 422.7795pt x 136.71075pt>
File: logoDefinitivo3.png Graphic file (type png)
<use logoDefinitivo3.png>
Package pdftex.def Info: logoDefinitivo3.png  used on input line 130.
(pdftex.def)             Requested size: 99.58464pt x 32.20212pt.
[4 <./logoEina.png> <./logoDefinitivo3.png>]
File: logoEina.png Graphic file (type png)
<use logoEina.png>
Package pdftex.def Info: logoEina.png  used on input line 130.
(pdftex.def)             Requested size: 113.81102pt x 32.43407pt.
File: logoDefinitivo3.png Graphic file (type png)
<use logoDefinitivo3.png>
Package pdftex.def Info: logoDefinitivo3.png  used on input line 130.
(pdftex.def)             Requested size: 99.58464pt x 32.20212pt.
 [5]
Underfull \hbox (badness 10000) in paragraph at lines 136--141

 []


Overfull \hbox (10.72244pt too wide) in paragraph at lines 143--162
[]\OT1/cmr/m/n/10 Las co-mu-ni-ca-cio-nes in-ter-nas se lle-varan a ca-bo me-d
ian-te un gru-po de \OT1/cmr/m/it/10 WhatsApp
 []


Underfull \hbox (badness 10000) in paragraph at lines 143--162

 []


Underfull \hbox (badness 10000) in paragraph at lines 143--162

 []


Underfull \hbox (badness 10000) in paragraph at lines 143--162

 []


Underfull \hbox (badness 10000) in paragraph at lines 143--162

 []

File: logoEina.png Graphic file (type png)
<use logoEina.png>
Package pdftex.def Info: logoEina.png  used on input line 162.
(pdftex.def)             Requested size: 113.81102pt x 32.43407pt.
File: logoDefinitivo3.png Graphic file (type png)
<use logoDefinitivo3.png>
Package pdftex.def Info: logoDefinitivo3.png  used on input line 162.
(pdftex.def)             Requested size: 99.58464pt x 32.20212pt.
[6]
File: logoEina.png Graphic file (type png)
<use logoEina.png>
Package pdftex.def Info: logoEina.png  used on input line 162.
(pdftex.def)             Requested size: 113.81102pt x 32.43407pt.
File: logoDefinitivo3.png Graphic file (type png)
<use logoDefinitivo3.png>
Package pdftex.def Info: logoDefinitivo3.png  used on input line 162.
(pdftex.def)             Requested size: 99.58464pt x 32.20212pt.
 [7]
Underfull \hbox (badness 10000) in paragraph at lines 165--170

 []


Underfull \hbox (badness 10000) in paragraph at lines 165--170

 []

File: logoEina.png Graphic file (type png)
<use logoEina.png>
Package pdftex.def Info: logoEina.png  used on input line 181.
(pdftex.def)             Requested size: 113.81102pt x 32.43407pt.
File: logoDefinitivo3.png Graphic file (type png)
<use logoDefinitivo3.png>
Package pdftex.def Info: logoDefinitivo3.png  used on input line 181.
(pdftex.def)             Requested size: 99.58464pt x 32.20212pt.
[8]
<conf1.png, id=42, 430.60875pt x 16.863pt>
File: conf1.png Graphic file (type png)
<use conf1.png>
Package pdftex.def Info: conf1.png  used on input line 188.
(pdftex.def)             Requested size: 236.83553pt x 9.27466pt.
File: logoEina.png Graphic file (type png)
<use logoEina.png>
Package pdftex.def Info: logoEina.png  used on input line 195.
(pdftex.def)             Requested size: 113.81102pt x 32.43407pt.
File: logoDefinitivo3.png Graphic file (type png)
<use logoDefinitivo3.png>
Package pdftex.def Info: logoDefinitivo3.png  used on input line 195.
(pdftex.def)             Requested size: 99.58464pt x 32.20212pt.
 [9 <./conf1.png>]
Underfull \hbox (badness 10000) in paragraph at lines 197--207

 []


Underfull \hbox (badness 10000) in paragraph at lines 197--207

 []


Underfull \hbox (badness 10000) in paragraph at lines 197--207

 []


Underfull \hbox (badness 10000) in paragraph at lines 219--225

 []

File: logoEina.png Graphic file (type png)
<use logoEina.png>
Package pdftex.def Info: logoEina.png  used on input line 225.
(pdftex.def)             Requested size: 113.81102pt x 32.43407pt.
File: logoDefinitivo3.png Graphic file (type png)
<use logoDefinitivo3.png>
Package pdftex.def Info: logoDefinitivo3.png  used on input line 225.
(pdftex.def)             Requested size: 99.58464pt x 32.20212pt.
[10]
<calendar.pdf, id=50, 845.0471pt x 597.50829pt>
File: calendar.pdf Graphic file (type pdf)
<use calendar.pdf>
Package pdftex.def Info: calendar.pdf  used on input line 233.
(pdftex.def)             Requested size: 845.04504pt x 597.50682pt.
File: calendar.pdf Graphic file (type pdf)
<use calendar.pdf>
Package pdftex.def Info: calendar.pdf  used on input line 233.
(pdftex.def)             Requested size: 845.04504pt x 597.50682pt.
<calendar.pdf, id=53, page=1, 845.0471pt x 597.50829pt>
File: calendar.pdf Graphic file (type pdf)
<use calendar.pdf, page 1>
Package pdftex.def Info: calendar.pdf , page1 used on input line 233.
(pdftex.def)             Requested size: 845.04504pt x 597.50682pt.
File: calendar.pdf Graphic file (type pdf)
<use calendar.pdf, page 1>
Package pdftex.def Info: calendar.pdf , page1 used on input line 233.
(pdftex.def)             Requested size: 614.32619pt x 434.37221pt.
File: logoEina.png Graphic file (type png)
<use logoEina.png>
Package pdftex.def Info: logoEina.png  used on input line 233.
(pdftex.def)             Requested size: 113.81102pt x 32.43407pt.
File: logoDefinitivo3.png Graphic file (type png)
<use logoDefinitivo3.png>
Package pdftex.def Info: logoDefinitivo3.png  used on input line 233.
(pdftex.def)             Requested size: 99.58464pt x 32.20212pt.
 [11]
File: calendar.pdf Graphic file (type pdf)
<use calendar.pdf, page 1>
Package pdftex.def Info: calendar.pdf , page1 used on input line 233.
(pdftex.def)             Requested size: 614.32619pt x 434.37221pt.
File: calendar.pdf Graphic file (type pdf)
<use calendar.pdf, page 1>
Package pdftex.def Info: calendar.pdf , page1 used on input line 233.
(pdftex.def)             Requested size: 614.32619pt x 434.37221pt.
File: calendar.pdf Graphic file (type pdf)
<use calendar.pdf, page 1>
Package pdftex.def Info: calendar.pdf , page1 used on input line 233.
(pdftex.def)             Requested size: 614.32619pt x 434.37221pt.
 [12 <./calendar.pdf>]
<calendar.pdf, id=74, page=2, 845.0471pt x 597.50829pt>
File: calendar.pdf Graphic file (type pdf)
<use calendar.pdf, page 2>
Package pdftex.def Info: calendar.pdf , page2 used on input line 233.
(pdftex.def)             Requested size: 614.32619pt x 434.37221pt.
File: calendar.pdf Graphic file (type pdf)
<use calendar.pdf, page 2>
Package pdftex.def Info: calendar.pdf , page2 used on input line 233.
(pdftex.def)             Requested size: 614.32619pt x 434.37221pt.
File: calendar.pdf Graphic file (type pdf)
<use calendar.pdf, page 2>
Package pdftex.def Info: calendar.pdf , page2 used on input line 233.
(pdftex.def)             Requested size: 614.32619pt x 434.37221pt.
 [13 <./calendar.pdf>]
<Gantt_app.png, id=79, 864.98157pt x 393.72093pt>
File: Gantt_app.png Graphic file (type png)
<use Gantt_app.png>
Package pdftex.def Info: Gantt_app.png  used on input line 239.
(pdftex.def)             Requested size: 527.63799pt x 240.16942pt.

Overfull \hbox (79.5851pt too wide) in paragraph at lines 238--240
 []|  [] 
 []

<Gantt_web.png, id=80, 858.20625pt x 375.20175pt>
File: Gantt_web.png Graphic file (type png)
<use Gantt_web.png>
Package pdftex.def Info: Gantt_web.png  used on input line 243.
(pdftex.def)             Requested size: 523.50505pt x 228.87273pt.

Overfull \hbox (75.45216pt too wide) in paragraph at lines 242--244
 []|  [] 
 []

<Gantt_back.png, id=81, 872.66025pt x 369.7815pt>
File: Gantt_back.png Graphic file (type png)
<use Gantt_back.png>
Package pdftex.def Info: Gantt_back.png  used on input line 247.
(pdftex.def)             Requested size: 532.32198pt x 225.56638pt.

Overfull \hbox (84.26909pt too wide) in paragraph at lines 246--248
 []|  [] 
 []

File: logoEina.png Graphic file (type png)
<use logoEina.png>
Package pdftex.def Info: logoEina.png  used on input line 249.
(pdftex.def)             Requested size: 113.81102pt x 32.43407pt.
File: logoDefinitivo3.png Graphic file (type png)
<use logoDefinitivo3.png>
Package pdftex.def Info: logoDefinitivo3.png  used on input line 249.
(pdftex.def)             Requested size: 99.58464pt x 32.20212pt.
[14 <./Gantt_app.png> <./Gantt_web.png>]
File: logoEina.png Graphic file (type png)
<use logoEina.png>
Package pdftex.def Info: logoEina.png  used on input line 250.
(pdftex.def)             Requested size: 113.81102pt x 32.43407pt.
File: logoDefinitivo3.png Graphic file (type png)
<use logoDefinitivo3.png>
Package pdftex.def Info: logoDefinitivo3.png  used on input line 250.
(pdftex.def)             Requested size: 99.58464pt x 32.20212pt.
 [15 <./Gantt_back.png>]
Overfull \hbox (77.33858pt too wide) in paragraph at lines 256--312
[][] 
 []

File: logoEina.png Graphic file (type png)
<use logoEina.png>
Package pdftex.def Info: logoEina.png  used on input line 313.
(pdftex.def)             Requested size: 113.81102pt x 32.43407pt.
File: logoDefinitivo3.png Graphic file (type png)
<use logoDefinitivo3.png>
Package pdftex.def Info: logoDefinitivo3.png  used on input line 313.
(pdftex.def)             Requested size: 99.58464pt x 32.20212pt.
[16]
Overfull \hbox (77.33858pt too wide) in paragraph at lines 315--338
[][] 
 []


Overfull \hbox (77.33858pt too wide) in paragraph at lines 342--357
[][] 
 []

File: logoEina.png Graphic file (type png)
<use logoEina.png>
Package pdftex.def Info: logoEina.png  used on input line 358.
(pdftex.def)             Requested size: 113.81102pt x 32.43407pt.
File: logoDefinitivo3.png Graphic file (type png)
<use logoDefinitivo3.png>
Package pdftex.def Info: logoDefinitivo3.png  used on input line 358.
(pdftex.def)             Requested size: 99.58464pt x 32.20212pt.
[17]
<DB_decision.jpg, id=97, 2007.5pt x 1502.61375pt>
File: DB_decision.jpg Graphic file (type jpg)
<use DB_decision.jpg>
Package pdftex.def Info: DB_decision.jpg  used on input line 364.
(pdftex.def)             Requested size: 481.80984pt x 360.63467pt.

Overfull \hbox (82.12656pt too wide) in paragraph at lines 363--365
 []|  [] 
 []

File: logoEina.png Graphic file (type png)
<use logoEina.png>
Package pdftex.def Info: logoEina.png  used on input line 367.
(pdftex.def)             Requested size: 113.81102pt x 32.43407pt.
File: logoDefinitivo3.png Graphic file (type png)
<use logoDefinitivo3.png>
Package pdftex.def Info: logoDefinitivo3.png  used on input line 367.
(pdftex.def)             Requested size: 99.58464pt x 32.20212pt.
[18 <./DB_decision.jpg>]
<ModeloER.jpg, id=101, 1505.625pt x 1410.26875pt>
File: ModeloER.jpg Graphic file (type jpg)
<use ModeloER.jpg>
Package pdftex.def Info: ModeloER.jpg  used on input line 371.
(pdftex.def)             Requested size: 526.97665pt x 493.60146pt.

Overfull \hbox (73.2333pt too wide) in paragraph at lines 370--372
 []|  [] 
 []

<upbeat_streaming.png, id=102, 438.8897pt x 366.61969pt>
File: upbeat_streaming.png Graphic file (type png)
<use upbeat_streaming.png>
Package pdftex.def Info: upbeat_streaming.png  used on input line 378.
(pdftex.def)             Requested size: 351.11223pt x 293.29614pt.

Overfull \hbox (6.11223pt too wide) in paragraph at lines 378--379
 [][] 
 []


Underfull \hbox (badness 10000) in paragraph at lines 373--379

 []

File: logoEina.png Graphic file (type png)
<use logoEina.png>
Package pdftex.def Info: logoEina.png  used on input line 379.
(pdftex.def)             Requested size: 113.81102pt x 32.43407pt.
File: logoDefinitivo3.png Graphic file (type png)
<use logoDefinitivo3.png>
Package pdftex.def Info: logoDefinitivo3.png  used on input line 379.
(pdftex.def)             Requested size: 99.58464pt x 32.20212pt.
[19 <./ModeloER.jpg>]
File: logoEina.png Graphic file (type png)
<use logoEina.png>
Package pdftex.def Info: logoEina.png  used on input line 380.
(pdftex.def)             Requested size: 113.81102pt x 32.43407pt.
File: logoDefinitivo3.png Graphic file (type png)
<use logoDefinitivo3.png>
Package pdftex.def Info: logoDefinitivo3.png  used on input line 380.
(pdftex.def)             Requested size: 99.58464pt x 32.20212pt.
 [20 <./upbeat_streaming.png>]
<EstructuraProyecto.png, id=110, 1016.29688pt x 473.51906pt>
File: EstructuraProyecto.png Graphic file (type png)
<use EstructuraProyecto.png>
Package pdftex.def Info: EstructuraProyecto.png  used on input line 384.
(pdftex.def)             Requested size: 426.84178pt x 198.87663pt.

Overfull \hbox (27.1585pt too wide) in paragraph at lines 383--385
 []|  [] 
 []

<comunication_vista.jpeg, id=111, 1236.62pt x 388.45125pt>
File: comunication_vista.jpeg Graphic file (type jpg)
<use comunication_vista.jpeg>
Package pdftex.def Info: comunication_vista.jpeg  used on input line 390.
(pdftex.def)             Requested size: 519.37686pt x 163.1484pt.

Overfull \hbox (91.24081pt too wide) in paragraph at lines 389--391
 []|  [] 
 []

File: logoEina.png Graphic file (type png)
<use logoEina.png>
Package pdftex.def Info: logoEina.png  used on input line 392.
(pdftex.def)             Requested size: 113.81102pt x 32.43407pt.
File: logoDefinitivo3.png Graphic file (type png)
<use logoDefinitivo3.png>
Package pdftex.def Info: logoDefinitivo3.png  used on input line 392.
(pdftex.def)             Requested size: 99.58464pt x 32.20212pt.
[21 <./EstructuraProyecto.png> <./comunication_vista.jpeg>]
(MemoriaPlantillaGestionV1.aux
LaTeX Info: Redefining \. on input line 7.
LaTeX Info: Redefining \% on input line 7.
) ) 
Here is how much of TeX's memory you used:
 4983 strings out of 492450
 70592 string characters out of 3120004
 154162 words of memory out of 3000000
 9221 multiletter control sequences out of 15000+200000
 12156 words of font info for 47 fonts, out of 3000000 for 9000
 1144 hyphenation exceptions out of 8191
 51i,18n,46p,724b,488s stack positions out of 5000i,500n,10000p,200000b,50000s
<C:/Users/alvar/AppData/Local/Programs/MiKTeX 2.9/fonts/type1/public/amsfont
s/cm/cmbx10.pfb><C:/Users/alvar/AppData/Local/Programs/MiKTeX 2.9/fonts/type1/p
ublic/amsfonts/cm/cmbx12.pfb><C:/Users/alvar/AppData/Local/Programs/MiKTeX 2.9/
fonts/type1/public/amsfonts/cm/cmr10.pfb><C:/Users/alvar/AppData/Local/Programs
/MiKTeX 2.9/fonts/type1/public/amsfonts/cm/cmr12.pfb><C:/Users/alvar/AppData/Lo
cal/Programs/MiKTeX 2.9/fonts/type1/public/amsfonts/cm/cmr17.pfb><C:/Users/alva
r/AppData/Local/Programs/MiKTeX 2.9/fonts/type1/public/amsfonts/cm/cmr6.pfb><C:
/Users/alvar/AppData/Local/Programs/MiKTeX 2.9/fonts/type1/public/amsfonts/cm/c
mr7.pfb><C:/Users/alvar/AppData/Local/Programs/MiKTeX 2.9/fonts/type1/public/am
sfonts/cm/cmr8.pfb><C:/Users/alvar/AppData/Local/Programs/MiKTeX 2.9/fonts/type
1/public/amsfonts/cm/cmti10.pfb><C:/Users/alvar/AppData/Local/Programs/MiKTeX 2
.9/fonts/type1/urw/palatino/uplr8a.pfb><C:/Users/alvar/AppData/Local/Programs/M
iKTeX 2.9/fonts/type1/urw/palatino/uplri8a.pfb>
Output written on MemoriaPlantillaGestionV1.pdf (21 pages, 1361550 bytes).
PDF statistics:
 146 PDF objects out of 1000 (max. 8388607)
 0 named destinations out of 1000 (max. 500000)
 91 words of extra memory for PDF output out of 10000 (max. 10000000)

